{"D:\\HACKTIV8\\2PHASE\\IP-RMT68\\client\\client\\src\\App.jsx": {"path":"D:\\HACKTIV8\\2PHASE\\IP-RMT68\\client\\client\\src\\App.jsx","statementMap":{"0":{"start":{"line":18,"column":8},"end":{"line":18,"column":null}},"1":{"start":{"line":19,"column":24},"end":{"line":19,"column":null}},"2":{"start":{"line":19,"column":47},"end":{"line":19,"column":53}},"3":{"start":{"line":21,"column":2},"end":{"line":25,"column":null}},"4":{"start":{"line":22,"column":4},"end":{"line":24,"column":null}},"5":{"start":{"line":23,"column":6},"end":{"line":23,"column":null}},"6":{"start":{"line":27,"column":2},"end":{"line":72,"column":null}}},"fnMap":{"0":{"name":"App","decl":{"start":{"line":17,"column":9},"end":{"line":17,"column":15}},"loc":{"start":{"line":17,"column":15},"end":{"line":74,"column":null}},"line":17},"1":{"name":"(anonymous_1)","decl":{"start":{"line":19,"column":40},"end":{"line":19,"column":41}},"loc":{"start":{"line":19,"column":47},"end":{"line":19,"column":53}},"line":19},"2":{"name":"(anonymous_2)","decl":{"start":{"line":21,"column":12},"end":{"line":21,"column":18}},"loc":{"start":{"line":21,"column":18},"end":{"line":25,"column":5}},"line":21}},"branchMap":{"0":{"loc":{"start":{"line":22,"column":4},"end":{"line":24,"column":null}},"type":"if","locations":[{"start":{"line":22,"column":4},"end":{"line":24,"column":null}},{"start":{},"end":{}}],"line":22},"1":{"loc":{"start":{"line":22,"column":8},"end":{"line":22,"column":26}},"type":"binary-expr","locations":[{"start":{"line":22,"column":8},"end":{"line":22,"column":17}},{"start":{"line":22,"column":17},"end":{"line":22,"column":26}}],"line":22}},"s":{"0":1,"1":1,"2":2,"3":1,"4":1,"5":0,"6":1},"f":{"0":1,"1":2,"2":1},"b":{"0":[0,1],"1":[1,0]},"meta":{"lastBranch":2,"lastFunction":3,"lastStatement":7,"seen":{"f:17:9:17:15":0,"s:18:8:18:Infinity":0,"s:19:24:19:Infinity":1,"f:19:40:19:41":1,"s:19:47:19:53":2,"s:21:2:25:Infinity":3,"f:21:12:21:18":2,"b:22:4:24:Infinity:undefined:undefined:undefined:undefined":0,"s:22:4:24:Infinity":4,"b:22:8:22:17:22:17:22:26":1,"s:23:6:23:Infinity":5,"s:27:2:72:Infinity":6}}}
,"D:\\HACKTIV8\\2PHASE\\IP-RMT68\\client\\client\\src\\components\\Navbar.jsx": {"path":"D:\\HACKTIV8\\2PHASE\\IP-RMT68\\client\\client\\src\\components\\Navbar.jsx","statementMap":{"0":{"start":{"line":5,"column":15},"end":{"line":51,"column":null}},"1":{"start":{"line":6,"column":8},"end":{"line":6,"column":null}},"2":{"start":{"line":7,"column":8},"end":{"line":7,"column":null}},"3":{"start":{"line":8,"column":15},"end":{"line":8,"column":null}},"4":{"start":{"line":8,"column":38},"end":{"line":8,"column":44}},"5":{"start":{"line":10,"column":23},"end":{"line":13,"column":null}},"6":{"start":{"line":11,"column":4},"end":{"line":11,"column":null}},"7":{"start":{"line":12,"column":4},"end":{"line":12,"column":null}},"8":{"start":{"line":15,"column":2},"end":{"line":49,"column":null}}},"fnMap":{"0":{"name":"(anonymous_0)","decl":{"start":{"line":5,"column":15},"end":{"line":5,"column":21}},"loc":{"start":{"line":5,"column":21},"end":{"line":51,"column":null}},"line":5},"1":{"name":"(anonymous_1)","decl":{"start":{"line":8,"column":31},"end":{"line":8,"column":32}},"loc":{"start":{"line":8,"column":38},"end":{"line":8,"column":44}},"line":8},"2":{"name":"(anonymous_2)","decl":{"start":{"line":10,"column":23},"end":{"line":10,"column":29}},"loc":{"start":{"line":10,"column":29},"end":{"line":13,"column":null}},"line":10}},"branchMap":{},"s":{"0":1,"1":2,"2":2,"3":2,"4":3,"5":2,"6":0,"7":0,"8":2},"f":{"0":2,"1":3,"2":0},"b":{},"meta":{"lastBranch":0,"lastFunction":3,"lastStatement":9,"seen":{"s:5:15:51:Infinity":0,"f:5:15:5:21":0,"s:6:8:6:Infinity":1,"s:7:8:7:Infinity":2,"s:8:15:8:Infinity":3,"f:8:31:8:32":1,"s:8:38:8:44":4,"s:10:23:13:Infinity":5,"f:10:23:10:29":2,"s:11:4:11:Infinity":6,"s:12:4:12:Infinity":7,"s:15:2:49:Infinity":8}}}
,"D:\\HACKTIV8\\2PHASE\\IP-RMT68\\client\\client\\src\\components\\QuizHistory.jsx": {"path":"D:\\HACKTIV8\\2PHASE\\IP-RMT68\\client\\client\\src\\components\\QuizHistory.jsx","statementMap":{"0":{"start":{"line":6,"column":20},"end":{"line":107,"column":null}},"1":{"start":{"line":7,"column":18},"end":{"line":7,"column":null}},"2":{"start":{"line":8,"column":8},"end":{"line":8,"column":null}},"3":{"start":{"line":9,"column":8},"end":{"line":9,"column":null}},"4":{"start":{"line":11,"column":29},"end":{"line":11,"column":null}},"5":{"start":{"line":11,"column":52},"end":{"line":11,"column":58}},"6":{"start":{"line":13,"column":2},"end":{"line":15,"column":null}},"7":{"start":{"line":14,"column":4},"end":{"line":14,"column":null}},"8":{"start":{"line":17,"column":2},"end":{"line":24,"column":null}},"9":{"start":{"line":18,"column":4},"end":{"line":22,"column":null}},"10":{"start":{"line":26,"column":2},"end":{"line":38,"column":null}},"11":{"start":{"line":27,"column":4},"end":{"line":36,"column":null}},"12":{"start":{"line":33,"column":69},"end":{"line":33,"column":83}},"13":{"start":{"line":40,"column":17},"end":{"line":40,"column":null}},"14":{"start":{"line":40,"column":36},"end":{"line":40,"column":43}},"15":{"start":{"line":41,"column":15},"end":{"line":41,"column":null}},"16":{"start":{"line":42,"column":8},"end":{"line":44,"column":null}},"17":{"start":{"line":43,"column":28},"end":{"line":43,"column":35}},"18":{"start":{"line":45,"column":15},"end":{"line":45,"column":null}},"19":{"start":{"line":47,"column":2},"end":{"line":105,"column":null}},"20":{"start":{"line":69,"column":25},"end":{"line":69,"column":null}},"21":{"start":{"line":70,"column":25},"end":{"line":70,"column":null}},"22":{"start":{"line":72,"column":12},"end":{"line":96,"column":null}},"23":{"start":{"line":102,"column":67},"end":{"line":102,"column":81}}},"fnMap":{"0":{"name":"(anonymous_0)","decl":{"start":{"line":6,"column":20},"end":{"line":6,"column":26}},"loc":{"start":{"line":6,"column":26},"end":{"line":107,"column":null}},"line":6},"1":{"name":"(anonymous_1)","decl":{"start":{"line":11,"column":45},"end":{"line":11,"column":46}},"loc":{"start":{"line":11,"column":52},"end":{"line":11,"column":58}},"line":11},"2":{"name":"(anonymous_2)","decl":{"start":{"line":13,"column":12},"end":{"line":13,"column":18}},"loc":{"start":{"line":13,"column":18},"end":{"line":15,"column":5}},"line":13},"3":{"name":"(anonymous_3)","decl":{"start":{"line":33,"column":63},"end":{"line":33,"column":69}},"loc":{"start":{"line":33,"column":69},"end":{"line":33,"column":83}},"line":33},"4":{"name":"(anonymous_4)","decl":{"start":{"line":40,"column":29},"end":{"line":40,"column":30}},"loc":{"start":{"line":40,"column":36},"end":{"line":40,"column":43}},"line":40},"5":{"name":"(anonymous_5)","decl":{"start":{"line":43,"column":18},"end":{"line":43,"column":19}},"loc":{"start":{"line":43,"column":28},"end":{"line":43,"column":35}},"line":43},"6":{"name":"(anonymous_6)","decl":{"start":{"line":68,"column":23},"end":{"line":68,"column":24}},"loc":{"start":{"line":68,"column":33},"end":{"line":98,"column":11}},"line":68},"7":{"name":"(anonymous_7)","decl":{"start":{"line":102,"column":61},"end":{"line":102,"column":67}},"loc":{"start":{"line":102,"column":67},"end":{"line":102,"column":81}},"line":102}},"branchMap":{"0":{"loc":{"start":{"line":17,"column":2},"end":{"line":24,"column":null}},"type":"if","locations":[{"start":{"line":17,"column":2},"end":{"line":24,"column":null}},{"start":{},"end":{}}],"line":17},"1":{"loc":{"start":{"line":26,"column":2},"end":{"line":38,"column":null}},"type":"if","locations":[{"start":{"line":26,"column":2},"end":{"line":38,"column":null}},{"start":{},"end":{}}],"line":26},"2":{"loc":{"start":{"line":26,"column":6},"end":{"line":26,"column":40}},"type":"binary-expr","locations":[{"start":{"line":26,"column":6},"end":{"line":26,"column":18}},{"start":{"line":26,"column":18},"end":{"line":26,"column":40}}],"line":26},"3":{"loc":{"start":{"line":70,"column":25},"end":{"line":70,"column":null}},"type":"cond-expr","locations":[{"start":{"line":70,"column":46},"end":{"line":70,"column":63}},{"start":{"line":70,"column":63},"end":{"line":70,"column":null}}],"line":70},"4":{"loc":{"start":{"line":81,"column":19},"end":{"line":86,"column":null}},"type":"cond-expr","locations":[{"start":{"line":82,"column":20},"end":{"line":82,"column":null}},{"start":{"line":83,"column":22},"end":{"line":86,"column":null}}],"line":81},"5":{"loc":{"start":{"line":83,"column":22},"end":{"line":86,"column":null}},"type":"cond-expr","locations":[{"start":{"line":84,"column":20},"end":{"line":84,"column":null}},{"start":{"line":86,"column":20},"end":{"line":86,"column":null}}],"line":83},"6":{"loc":{"start":{"line":90,"column":19},"end":{"line":93,"column":null}},"type":"cond-expr","locations":[{"start":{"line":91,"column":20},"end":{"line":91,"column":null}},{"start":{"line":93,"column":20},"end":{"line":93,"column":null}}],"line":90}},"s":{"0":1,"1":0,"2":0,"3":0,"4":0,"5":0,"6":0,"7":0,"8":0,"9":0,"10":0,"11":0,"12":0,"13":0,"14":0,"15":0,"16":0,"17":0,"18":0,"19":0,"20":0,"21":0,"22":0,"23":0},"f":{"0":0,"1":0,"2":0,"3":0,"4":0,"5":0,"6":0,"7":0},"b":{"0":[0,0],"1":[0,0],"2":[0,0],"3":[0,0],"4":[0,0],"5":[0,0],"6":[0,0]},"meta":{"lastBranch":7,"lastFunction":8,"lastStatement":24,"seen":{"s:6:20:107:Infinity":0,"f:6:20:6:26":0,"s:7:18:7:Infinity":1,"s:8:8:8:Infinity":2,"s:9:8:9:Infinity":3,"s:11:29:11:Infinity":4,"f:11:45:11:46":1,"s:11:52:11:58":5,"s:13:2:15:Infinity":6,"f:13:12:13:18":2,"s:14:4:14:Infinity":7,"b:17:2:24:Infinity:undefined:undefined:undefined:undefined":0,"s:17:2:24:Infinity":8,"s:18:4:22:Infinity":9,"b:26:2:38:Infinity:undefined:undefined:undefined:undefined":1,"s:26:2:38:Infinity":10,"b:26:6:26:18:26:18:26:40":2,"s:27:4:36:Infinity":11,"f:33:63:33:69":3,"s:33:69:33:83":12,"s:40:17:40:Infinity":13,"f:40:29:40:30":4,"s:40:36:40:43":14,"s:41:15:41:Infinity":15,"s:42:8:44:Infinity":16,"f:43:18:43:19":5,"s:43:28:43:35":17,"s:45:15:45:Infinity":18,"s:47:2:105:Infinity":19,"f:68:23:68:24":6,"s:69:25:69:Infinity":20,"s:70:25:70:Infinity":21,"b:70:46:70:63:70:63:70:Infinity":3,"s:72:12:96:Infinity":22,"b:82:20:82:Infinity:83:22:86:Infinity":4,"b:84:20:84:Infinity:86:20:86:Infinity":5,"b:91:20:91:Infinity:93:20:93:Infinity":6,"f:102:61:102:67":7,"s:102:67:102:81":23}}}
,"D:\\HACKTIV8\\2PHASE\\IP-RMT68\\client\\client\\src\\features\\auth\\authService.js": {"path":"D:\\HACKTIV8\\2PHASE\\IP-RMT68\\client\\client\\src\\features\\auth\\authService.js","statementMap":{"0":{"start":{"line":3,"column":24},"end":{"line":6,"column":1}},"1":{"start":{"line":4,"column":14},"end":{"line":4,"column":52}},"2":{"start":{"line":5,"column":2},"end":{"line":5,"column":23}},"3":{"start":{"line":8,"column":27},"end":{"line":11,"column":1}},"4":{"start":{"line":9,"column":14},"end":{"line":9,"column":52}},"5":{"start":{"line":10,"column":2},"end":{"line":10,"column":18}},"6":{"start":{"line":13,"column":21},"end":{"line":16,"column":1}},"7":{"start":{"line":14,"column":19},"end":{"line":14,"column":44}},"8":{"start":{"line":15,"column":2},"end":{"line":15,"column":23}}},"fnMap":{"0":{"name":"(anonymous_0)","decl":{"start":{"line":3,"column":24},"end":{"line":3,"column":29}},"loc":{"start":{"line":3,"column":43},"end":{"line":6,"column":1}},"line":3},"1":{"name":"(anonymous_1)","decl":{"start":{"line":8,"column":27},"end":{"line":8,"column":32}},"loc":{"start":{"line":8,"column":43},"end":{"line":11,"column":1}},"line":8},"2":{"name":"(anonymous_2)","decl":{"start":{"line":13,"column":21},"end":{"line":13,"column":26}},"loc":{"start":{"line":13,"column":33},"end":{"line":16,"column":1}},"line":13}},"branchMap":{},"s":{"0":1,"1":0,"2":0,"3":1,"4":0,"5":0,"6":1,"7":0,"8":0},"f":{"0":0,"1":0,"2":0},"b":{},"meta":{"lastBranch":0,"lastFunction":3,"lastStatement":9,"seen":{"s:3:24:6:1":0,"f:3:24:3:29":0,"s:4:14:4:52":1,"s:5:2:5:23":2,"s:8:27:11:1":3,"f:8:27:8:32":1,"s:9:14:9:52":4,"s:10:2:10:18":5,"s:13:21:16:1":6,"f:13:21:13:26":2,"s:14:19:14:44":7,"s:15:2:15:23":8}}}
,"D:\\HACKTIV8\\2PHASE\\IP-RMT68\\client\\client\\src\\features\\auth\\authSlice.js": {"path":"D:\\HACKTIV8\\2PHASE\\IP-RMT68\\client\\client\\src\\features\\auth\\authSlice.js","statementMap":{"0":{"start":{"line":4,"column":14},"end":{"line":4,"column":43}},"1":{"start":{"line":6,"column":21},"end":{"line":12,"column":1}},"2":{"start":{"line":14,"column":20},"end":{"line":23,"column":1}},"3":{"start":{"line":17,"column":4},"end":{"line":21,"column":5}},"4":{"start":{"line":18,"column":6},"end":{"line":18,"column":37}},"5":{"start":{"line":20,"column":6},"end":{"line":20,"column":65}},"6":{"start":{"line":25,"column":22},"end":{"line":34,"column":1}},"7":{"start":{"line":28,"column":4},"end":{"line":32,"column":5}},"8":{"start":{"line":29,"column":6},"end":{"line":29,"column":27}},"9":{"start":{"line":31,"column":6},"end":{"line":31,"column":54}},"10":{"start":{"line":36,"column":17},"end":{"line":89,"column":2}},"11":{"start":{"line":41,"column":6},"end":{"line":41,"column":24}},"12":{"start":{"line":42,"column":6},"end":{"line":42,"column":25}},"13":{"start":{"line":43,"column":6},"end":{"line":43,"column":27}},"14":{"start":{"line":44,"column":6},"end":{"line":44,"column":39}},"15":{"start":{"line":48,"column":6},"end":{"line":48,"column":35}},"16":{"start":{"line":49,"column":6},"end":{"line":49,"column":26}},"17":{"start":{"line":50,"column":6},"end":{"line":50,"column":52}},"18":{"start":{"line":55,"column":4},"end":{"line":87,"column":9}},"19":{"start":{"line":57,"column":8},"end":{"line":57,"column":31}},"20":{"start":{"line":58,"column":8},"end":{"line":58,"column":27}},"21":{"start":{"line":61,"column":32},"end":{"line":61,"column":46}},"22":{"start":{"line":63,"column":8},"end":{"line":63,"column":32}},"23":{"start":{"line":64,"column":8},"end":{"line":64,"column":28}},"24":{"start":{"line":65,"column":8},"end":{"line":65,"column":26}},"25":{"start":{"line":66,"column":8},"end":{"line":66,"column":28}},"26":{"start":{"line":67,"column":8},"end":{"line":67,"column":45}},"27":{"start":{"line":70,"column":8},"end":{"line":70,"column":32}},"28":{"start":{"line":71,"column":8},"end":{"line":71,"column":37}},"29":{"start":{"line":74,"column":8},"end":{"line":74,"column":31}},"30":{"start":{"line":77,"column":8},"end":{"line":77,"column":32}},"31":{"start":{"line":78,"column":8},"end":{"line":78,"column":36}},"32":{"start":{"line":79,"column":8},"end":{"line":79,"column":28}},"33":{"start":{"line":82,"column":8},"end":{"line":82,"column":32}},"34":{"start":{"line":83,"column":8},"end":{"line":83,"column":26}},"35":{"start":{"line":84,"column":8},"end":{"line":84,"column":27}},"36":{"start":{"line":85,"column":8},"end":{"line":85,"column":29}},"37":{"start":{"line":86,"column":8},"end":{"line":86,"column":41}},"38":{"start":{"line":91,"column":40},"end":{"line":91,"column":57}}},"fnMap":{"0":{"name":"(anonymous_0)","decl":{"start":{"line":16,"column":2},"end":{"line":16,"column":7}},"loc":{"start":{"line":16,"column":31},"end":{"line":22,"column":3}},"line":16},"1":{"name":"(anonymous_1)","decl":{"start":{"line":27,"column":2},"end":{"line":27,"column":7}},"loc":{"start":{"line":27,"column":25},"end":{"line":33,"column":3}},"line":27},"2":{"name":"(anonymous_2)","decl":{"start":{"line":40,"column":4},"end":{"line":40,"column":10}},"loc":{"start":{"line":40,"column":18},"end":{"line":45,"column":5}},"line":40},"3":{"name":"(anonymous_3)","decl":{"start":{"line":47,"column":4},"end":{"line":47,"column":16}},"loc":{"start":{"line":47,"column":32},"end":{"line":51,"column":5}},"line":47},"4":{"name":"(anonymous_4)","decl":{"start":{"line":54,"column":17},"end":{"line":54,"column":18}},"loc":{"start":{"line":54,"column":30},"end":{"line":88,"column":3}},"line":54},"5":{"name":"(anonymous_5)","decl":{"start":{"line":56,"column":30},"end":{"line":56,"column":31}},"loc":{"start":{"line":56,"column":41},"end":{"line":59,"column":7}},"line":56},"6":{"name":"(anonymous_6)","decl":{"start":{"line":60,"column":32},"end":{"line":60,"column":33}},"loc":{"start":{"line":60,"column":51},"end":{"line":68,"column":7}},"line":60},"7":{"name":"(anonymous_7)","decl":{"start":{"line":69,"column":31},"end":{"line":69,"column":32}},"loc":{"start":{"line":69,"column":50},"end":{"line":72,"column":7}},"line":69},"8":{"name":"(anonymous_8)","decl":{"start":{"line":73,"column":32},"end":{"line":73,"column":33}},"loc":{"start":{"line":73,"column":43},"end":{"line":75,"column":7}},"line":73},"9":{"name":"(anonymous_9)","decl":{"start":{"line":76,"column":34},"end":{"line":76,"column":35}},"loc":{"start":{"line":76,"column":53},"end":{"line":80,"column":7}},"line":76},"10":{"name":"(anonymous_10)","decl":{"start":{"line":81,"column":33},"end":{"line":81,"column":34}},"loc":{"start":{"line":81,"column":44},"end":{"line":87,"column":7}},"line":81}},"branchMap":{"0":{"loc":{"start":{"line":8,"column":9},"end":{"line":8,"column":22}},"type":"binary-expr","locations":[{"start":{"line":8,"column":9},"end":{"line":8,"column":14}},{"start":{"line":8,"column":18},"end":{"line":8,"column":22}}],"line":8}},"s":{"0":1,"1":1,"2":1,"3":0,"4":0,"5":0,"6":1,"7":0,"8":0,"9":0,"10":1,"11":0,"12":0,"13":0,"14":0,"15":0,"16":0,"17":0,"18":0,"19":0,"20":0,"21":0,"22":0,"23":0,"24":0,"25":0,"26":0,"27":0,"28":0,"29":0,"30":0,"31":0,"32":0,"33":0,"34":0,"35":0,"36":0,"37":0,"38":1},"f":{"0":0,"1":0,"2":0,"3":0,"4":0,"5":0,"6":0,"7":0,"8":0,"9":0,"10":0},"b":{"0":[1,1]},"meta":{"lastBranch":1,"lastFunction":11,"lastStatement":39,"seen":{"s:4:14:4:43":0,"s:6:21:12:1":1,"b:8:9:8:14:8:18:8:22":0,"s:14:20:23:1":2,"f:16:2:16:7":0,"s:17:4:21:5":3,"s:18:6:18:37":4,"s:20:6:20:65":5,"s:25:22:34:1":6,"f:27:2:27:7":1,"s:28:4:32:5":7,"s:29:6:29:27":8,"s:31:6:31:54":9,"s:36:17:89:2":10,"f:40:4:40:10":2,"s:41:6:41:24":11,"s:42:6:42:25":12,"s:43:6:43:27":13,"s:44:6:44:39":14,"f:47:4:47:16":3,"s:48:6:48:35":15,"s:49:6:49:26":16,"s:50:6:50:52":17,"f:54:17:54:18":4,"s:55:4:87:9":18,"f:56:30:56:31":5,"s:57:8:57:31":19,"s:58:8:58:27":20,"f:60:32:60:33":6,"s:61:32:61:46":21,"s:63:8:63:32":22,"s:64:8:64:28":23,"s:65:8:65:26":24,"s:66:8:66:28":25,"s:67:8:67:45":26,"f:69:31:69:32":7,"s:70:8:70:32":27,"s:71:8:71:37":28,"f:73:32:73:33":8,"s:74:8:74:31":29,"f:76:34:76:35":9,"s:77:8:77:32":30,"s:78:8:78:36":31,"s:79:8:79:28":32,"f:81:33:81:34":10,"s:82:8:82:32":33,"s:83:8:83:26":34,"s:84:8:84:27":35,"s:85:8:85:29":36,"s:86:8:86:41":37,"s:91:40:91:57":38}}}
,"D:\\HACKTIV8\\2PHASE\\IP-RMT68\\client\\client\\src\\features\\progress\\progressService.js": {"path":"D:\\HACKTIV8\\2PHASE\\IP-RMT68\\client\\client\\src\\features\\progress\\progressService.js","statementMap":{"0":{"start":{"line":3,"column":32},"end":{"line":6,"column":1}},"1":{"start":{"line":4,"column":14},"end":{"line":4,"column":43}},"2":{"start":{"line":5,"column":2},"end":{"line":5,"column":23}},"3":{"start":{"line":8,"column":35},"end":{"line":11,"column":1}},"4":{"start":{"line":9,"column":14},"end":{"line":9,"column":57}},"5":{"start":{"line":10,"column":2},"end":{"line":10,"column":23}},"6":{"start":{"line":13,"column":33},"end":{"line":16,"column":1}},"7":{"start":{"line":14,"column":14},"end":{"line":14,"column":59}},"8":{"start":{"line":15,"column":2},"end":{"line":15,"column":23}},"9":{"start":{"line":18,"column":33},"end":{"line":21,"column":1}},"10":{"start":{"line":19,"column":14},"end":{"line":19,"column":58}},"11":{"start":{"line":20,"column":2},"end":{"line":20,"column":23}}},"fnMap":{"0":{"name":"(anonymous_0)","decl":{"start":{"line":3,"column":32},"end":{"line":3,"column":37}},"loc":{"start":{"line":3,"column":44},"end":{"line":6,"column":1}},"line":3},"1":{"name":"(anonymous_1)","decl":{"start":{"line":8,"column":35},"end":{"line":8,"column":40}},"loc":{"start":{"line":8,"column":54},"end":{"line":11,"column":1}},"line":8},"2":{"name":"(anonymous_2)","decl":{"start":{"line":13,"column":33},"end":{"line":13,"column":38}},"loc":{"start":{"line":13,"column":52},"end":{"line":16,"column":1}},"line":13},"3":{"name":"(anonymous_3)","decl":{"start":{"line":18,"column":33},"end":{"line":18,"column":38}},"loc":{"start":{"line":18,"column":52},"end":{"line":21,"column":1}},"line":18}},"branchMap":{},"s":{"0":1,"1":0,"2":0,"3":1,"4":0,"5":0,"6":1,"7":0,"8":0,"9":1,"10":0,"11":0},"f":{"0":0,"1":0,"2":0,"3":0},"b":{},"meta":{"lastBranch":0,"lastFunction":4,"lastStatement":12,"seen":{"s:3:32:6:1":0,"f:3:32:3:37":0,"s:4:14:4:43":1,"s:5:2:5:23":2,"s:8:35:11:1":3,"f:8:35:8:40":1,"s:9:14:9:57":4,"s:10:2:10:23":5,"s:13:33:16:1":6,"f:13:33:13:38":2,"s:14:14:14:59":7,"s:15:2:15:23":8,"s:18:33:21:1":9,"f:18:33:18:38":3,"s:19:14:19:58":10,"s:20:2:20:23":11}}}
,"D:\\HACKTIV8\\2PHASE\\IP-RMT68\\client\\client\\src\\features\\progress\\progressSlice.js": {"path":"D:\\HACKTIV8\\2PHASE\\IP-RMT68\\client\\client\\src\\features\\progress\\progressSlice.js","statementMap":{"0":{"start":{"line":9,"column":21},"end":{"line":23,"column":1}},"1":{"start":{"line":25,"column":30},"end":{"line":34,"column":1}},"2":{"start":{"line":28,"column":4},"end":{"line":32,"column":5}},"3":{"start":{"line":29,"column":6},"end":{"line":29,"column":38}},"4":{"start":{"line":31,"column":6},"end":{"line":31,"column":68}},"5":{"start":{"line":36,"column":33},"end":{"line":45,"column":1}},"6":{"start":{"line":39,"column":4},"end":{"line":43,"column":5}},"7":{"start":{"line":40,"column":6},"end":{"line":40,"column":48}},"8":{"start":{"line":42,"column":6},"end":{"line":42,"column":71}},"9":{"start":{"line":47,"column":31},"end":{"line":56,"column":1}},"10":{"start":{"line":50,"column":4},"end":{"line":54,"column":5}},"11":{"start":{"line":51,"column":6},"end":{"line":51,"column":46}},"12":{"start":{"line":53,"column":6},"end":{"line":53,"column":69}},"13":{"start":{"line":58,"column":31},"end":{"line":67,"column":1}},"14":{"start":{"line":61,"column":4},"end":{"line":65,"column":5}},"15":{"start":{"line":62,"column":6},"end":{"line":62,"column":46}},"16":{"start":{"line":64,"column":6},"end":{"line":64,"column":63}},"17":{"start":{"line":69,"column":21},"end":{"line":126,"column":2}},"18":{"start":{"line":74,"column":4},"end":{"line":124,"column":9}},"19":{"start":{"line":77,"column":8},"end":{"line":77,"column":33}},"20":{"start":{"line":80,"column":8},"end":{"line":80,"column":34}},"21":{"start":{"line":81,"column":8},"end":{"line":81,"column":42}},"22":{"start":{"line":84,"column":8},"end":{"line":84,"column":34}},"23":{"start":{"line":87,"column":8},"end":{"line":87,"column":35}},"24":{"start":{"line":90,"column":8},"end":{"line":90,"column":36}},"25":{"start":{"line":91,"column":8},"end":{"line":91,"column":38}},"26":{"start":{"line":94,"column":8},"end":{"line":94,"column":36}},"27":{"start":{"line":95,"column":8},"end":{"line":95,"column":28}},"28":{"start":{"line":99,"column":8},"end":{"line":99,"column":36}},"29":{"start":{"line":102,"column":8},"end":{"line":102,"column":37}},"30":{"start":{"line":103,"column":8},"end":{"line":105,"column":15}},"31":{"start":{"line":108,"column":8},"end":{"line":108,"column":37}},"32":{"start":{"line":109,"column":8},"end":{"line":109,"column":27}},"33":{"start":{"line":113,"column":8},"end":{"line":113,"column":35}},"34":{"start":{"line":116,"column":8},"end":{"line":116,"column":36}},"35":{"start":{"line":117,"column":8},"end":{"line":119,"column":15}},"36":{"start":{"line":122,"column":8},"end":{"line":122,"column":36}},"37":{"start":{"line":123,"column":8},"end":{"line":123,"column":26}}},"fnMap":{"0":{"name":"(anonymous_0)","decl":{"start":{"line":27,"column":2},"end":{"line":27,"column":7}},"loc":{"start":{"line":27,"column":25},"end":{"line":33,"column":3}},"line":27},"1":{"name":"(anonymous_1)","decl":{"start":{"line":38,"column":2},"end":{"line":38,"column":7}},"loc":{"start":{"line":38,"column":31},"end":{"line":44,"column":3}},"line":38},"2":{"name":"(anonymous_2)","decl":{"start":{"line":49,"column":2},"end":{"line":49,"column":7}},"loc":{"start":{"line":49,"column":31},"end":{"line":55,"column":3}},"line":49},"3":{"name":"(anonymous_3)","decl":{"start":{"line":60,"column":2},"end":{"line":60,"column":7}},"loc":{"start":{"line":60,"column":31},"end":{"line":66,"column":3}},"line":60},"4":{"name":"(anonymous_4)","decl":{"start":{"line":73,"column":17},"end":{"line":73,"column":18}},"loc":{"start":{"line":73,"column":30},"end":{"line":125,"column":3}},"line":73},"5":{"name":"(anonymous_5)","decl":{"start":{"line":76,"column":40},"end":{"line":76,"column":41}},"loc":{"start":{"line":76,"column":51},"end":{"line":78,"column":7}},"line":76},"6":{"name":"(anonymous_6)","decl":{"start":{"line":79,"column":42},"end":{"line":79,"column":43}},"loc":{"start":{"line":79,"column":61},"end":{"line":82,"column":7}},"line":79},"7":{"name":"(anonymous_7)","decl":{"start":{"line":83,"column":41},"end":{"line":83,"column":42}},"loc":{"start":{"line":83,"column":52},"end":{"line":85,"column":7}},"line":83},"8":{"name":"(anonymous_8)","decl":{"start":{"line":86,"column":43},"end":{"line":86,"column":44}},"loc":{"start":{"line":86,"column":54},"end":{"line":88,"column":7}},"line":86},"9":{"name":"(anonymous_9)","decl":{"start":{"line":89,"column":45},"end":{"line":89,"column":46}},"loc":{"start":{"line":89,"column":64},"end":{"line":92,"column":7}},"line":89},"10":{"name":"(anonymous_10)","decl":{"start":{"line":93,"column":44},"end":{"line":93,"column":45}},"loc":{"start":{"line":93,"column":55},"end":{"line":96,"column":7}},"line":93},"11":{"name":"(anonymous_11)","decl":{"start":{"line":98,"column":41},"end":{"line":98,"column":42}},"loc":{"start":{"line":98,"column":52},"end":{"line":100,"column":7}},"line":98},"12":{"name":"(anonymous_12)","decl":{"start":{"line":101,"column":43},"end":{"line":101,"column":44}},"loc":{"start":{"line":101,"column":62},"end":{"line":106,"column":7}},"line":101},"13":{"name":"(anonymous_13)","decl":{"start":{"line":107,"column":42},"end":{"line":107,"column":43}},"loc":{"start":{"line":107,"column":53},"end":{"line":110,"column":7}},"line":107},"14":{"name":"(anonymous_14)","decl":{"start":{"line":112,"column":41},"end":{"line":112,"column":42}},"loc":{"start":{"line":112,"column":52},"end":{"line":114,"column":7}},"line":112},"15":{"name":"(anonymous_15)","decl":{"start":{"line":115,"column":43},"end":{"line":115,"column":44}},"loc":{"start":{"line":115,"column":62},"end":{"line":120,"column":7}},"line":115},"16":{"name":"(anonymous_16)","decl":{"start":{"line":121,"column":42},"end":{"line":121,"column":43}},"loc":{"start":{"line":121,"column":53},"end":{"line":124,"column":7}},"line":121}},"branchMap":{"0":{"loc":{"start":{"line":81,"column":21},"end":{"line":81,"column":41}},"type":"binary-expr","locations":[{"start":{"line":81,"column":21},"end":{"line":81,"column":35}},{"start":{"line":81,"column":39},"end":{"line":81,"column":41}}],"line":81},"1":{"loc":{"start":{"line":103,"column":24},"end":{"line":105,"column":14}},"type":"cond-expr","locations":[{"start":{"line":104,"column":12},"end":{"line":104,"column":26}},{"start":{"line":105,"column":12},"end":{"line":105,"column":14}}],"line":103},"2":{"loc":{"start":{"line":117,"column":23},"end":{"line":119,"column":14}},"type":"cond-expr","locations":[{"start":{"line":118,"column":12},"end":{"line":118,"column":33}},{"start":{"line":119,"column":12},"end":{"line":119,"column":14}}],"line":117}},"s":{"0":1,"1":1,"2":0,"3":0,"4":0,"5":1,"6":0,"7":0,"8":0,"9":1,"10":0,"11":0,"12":0,"13":1,"14":0,"15":0,"16":0,"17":1,"18":0,"19":0,"20":0,"21":0,"22":0,"23":0,"24":0,"25":0,"26":0,"27":0,"28":0,"29":0,"30":0,"31":0,"32":0,"33":0,"34":0,"35":0,"36":0,"37":0},"f":{"0":0,"1":0,"2":0,"3":0,"4":0,"5":0,"6":0,"7":0,"8":0,"9":0,"10":0,"11":0,"12":0,"13":0,"14":0,"15":0,"16":0},"b":{"0":[0,0],"1":[0,0],"2":[0,0]},"meta":{"lastBranch":3,"lastFunction":17,"lastStatement":38,"seen":{"s:9:21:23:1":0,"s:25:30:34:1":1,"f:27:2:27:7":0,"s:28:4:32:5":2,"s:29:6:29:38":3,"s:31:6:31:68":4,"s:36:33:45:1":5,"f:38:2:38:7":1,"s:39:4:43:5":6,"s:40:6:40:48":7,"s:42:6:42:71":8,"s:47:31:56:1":9,"f:49:2:49:7":2,"s:50:4:54:5":10,"s:51:6:51:46":11,"s:53:6:53:69":12,"s:58:31:67:1":13,"f:60:2:60:7":3,"s:61:4:65:5":14,"s:62:6:62:46":15,"s:64:6:64:63":16,"s:69:21:126:2":17,"f:73:17:73:18":4,"s:74:4:124:9":18,"f:76:40:76:41":5,"s:77:8:77:33":19,"f:79:42:79:43":6,"s:80:8:80:34":20,"s:81:8:81:42":21,"b:81:21:81:35:81:39:81:41":0,"f:83:41:83:42":7,"s:84:8:84:34":22,"f:86:43:86:44":8,"s:87:8:87:35":23,"f:89:45:89:46":9,"s:90:8:90:36":24,"s:91:8:91:38":25,"f:93:44:93:45":10,"s:94:8:94:36":26,"s:95:8:95:28":27,"f:98:41:98:42":11,"s:99:8:99:36":28,"f:101:43:101:44":12,"s:102:8:102:37":29,"s:103:8:105:15":30,"b:104:12:104:26:105:12:105:14":1,"f:107:42:107:43":13,"s:108:8:108:37":31,"s:109:8:109:27":32,"f:112:41:112:42":14,"s:113:8:113:35":33,"f:115:43:115:44":15,"s:116:8:116:36":34,"s:117:8:119:15":35,"b:118:12:118:33:119:12:119:14":2,"f:121:42:121:43":16,"s:122:8:122:36":36,"s:123:8:123:26":37}}}
,"D:\\HACKTIV8\\2PHASE\\IP-RMT68\\client\\client\\src\\features\\quiz\\quizService.js": {"path":"D:\\HACKTIV8\\2PHASE\\IP-RMT68\\client\\client\\src\\features\\quiz\\quizService.js","statementMap":{"0":{"start":{"line":3,"column":26},"end":{"line":8,"column":1}},"1":{"start":{"line":4,"column":14},"end":{"line":6,"column":4}},"2":{"start":{"line":7,"column":2},"end":{"line":7,"column":18}},"3":{"start":{"line":10,"column":29},"end":{"line":13,"column":1}},"4":{"start":{"line":11,"column":14},"end":{"line":11,"column":53}},"5":{"start":{"line":12,"column":2},"end":{"line":12,"column":18}},"6":{"start":{"line":15,"column":32},"end":{"line":18,"column":1}},"7":{"start":{"line":16,"column":14},"end":{"line":16,"column":54}},"8":{"start":{"line":17,"column":2},"end":{"line":17,"column":35}},"9":{"start":{"line":20,"column":33},"end":{"line":23,"column":1}},"10":{"start":{"line":21,"column":14},"end":{"line":21,"column":55}},"11":{"start":{"line":22,"column":2},"end":{"line":22,"column":31}}},"fnMap":{"0":{"name":"(anonymous_0)","decl":{"start":{"line":3,"column":26},"end":{"line":3,"column":31}},"loc":{"start":{"line":3,"column":45},"end":{"line":8,"column":1}},"line":3},"1":{"name":"(anonymous_1)","decl":{"start":{"line":10,"column":29},"end":{"line":10,"column":34}},"loc":{"start":{"line":10,"column":48},"end":{"line":13,"column":1}},"line":10},"2":{"name":"(anonymous_2)","decl":{"start":{"line":15,"column":32},"end":{"line":15,"column":37}},"loc":{"start":{"line":15,"column":51},"end":{"line":18,"column":1}},"line":15},"3":{"name":"(anonymous_3)","decl":{"start":{"line":20,"column":33},"end":{"line":20,"column":38}},"loc":{"start":{"line":20,"column":52},"end":{"line":23,"column":1}},"line":20}},"branchMap":{},"s":{"0":1,"1":0,"2":0,"3":1,"4":0,"5":0,"6":1,"7":0,"8":0,"9":1,"10":0,"11":0},"f":{"0":0,"1":0,"2":0,"3":0},"b":{},"meta":{"lastBranch":0,"lastFunction":4,"lastStatement":12,"seen":{"s:3:26:8:1":0,"f:3:26:3:31":0,"s:4:14:6:4":1,"s:7:2:7:18":2,"s:10:29:13:1":3,"f:10:29:10:34":1,"s:11:14:11:53":4,"s:12:2:12:18":5,"s:15:32:18:1":6,"f:15:32:15:37":2,"s:16:14:16:54":7,"s:17:2:17:35":8,"s:20:33:23:1":9,"f:20:33:20:38":3,"s:21:14:21:55":10,"s:22:2:22:31":11}}}
,"D:\\HACKTIV8\\2PHASE\\IP-RMT68\\client\\client\\src\\features\\quiz\\quizSlice.js": {"path":"D:\\HACKTIV8\\2PHASE\\IP-RMT68\\client\\client\\src\\features\\quiz\\quizSlice.js","statementMap":{"0":{"start":{"line":9,"column":21},"end":{"line":21,"column":1}},"1":{"start":{"line":23,"column":24},"end":{"line":34,"column":1}},"2":{"start":{"line":26,"column":4},"end":{"line":32,"column":5}},"3":{"start":{"line":27,"column":6},"end":{"line":27,"column":39}},"4":{"start":{"line":29,"column":6},"end":{"line":31,"column":8}},"5":{"start":{"line":36,"column":25},"end":{"line":54,"column":1}},"6":{"start":{"line":39,"column":21},"end":{"line":39,"column":40}},"7":{"start":{"line":41,"column":4},"end":{"line":43,"column":5}},"8":{"start":{"line":42,"column":6},"end":{"line":42,"column":57}},"9":{"start":{"line":45,"column":20},"end":{"line":47,"column":7}},"10":{"start":{"line":45,"column":54},"end":{"line":47,"column":5}},"11":{"start":{"line":49,"column":4},"end":{"line":52,"column":7}},"12":{"start":{"line":56,"column":28},"end":{"line":74,"column":1}},"13":{"start":{"line":59,"column":20},"end":{"line":69,"column":5}},"14":{"start":{"line":63,"column":15},"end":{"line":63,"column":41}},"15":{"start":{"line":66,"column":15},"end":{"line":66,"column":42}},"16":{"start":{"line":71,"column":24},"end":{"line":71,"column":55}},"17":{"start":{"line":72,"column":4},"end":{"line":72,"column":34}},"18":{"start":{"line":76,"column":31},"end":{"line":81,"column":1}},"19":{"start":{"line":79,"column":4},"end":{"line":79,"column":44}},"20":{"start":{"line":83,"column":17},"end":{"line":141,"column":2}},"21":{"start":{"line":88,"column":6},"end":{"line":88,"column":66}},"22":{"start":{"line":91,"column":6},"end":{"line":102,"column":8}},"23":{"start":{"line":106,"column":4},"end":{"line":139,"column":9}},"24":{"start":{"line":108,"column":8},"end":{"line":108,"column":31}},"25":{"start":{"line":109,"column":8},"end":{"line":109,"column":27}},"26":{"start":{"line":110,"column":8},"end":{"line":110,"column":29}},"27":{"start":{"line":111,"column":8},"end":{"line":111,"column":28}},"28":{"start":{"line":114,"column":8},"end":{"line":114,"column":32}},"29":{"start":{"line":115,"column":8},"end":{"line":115,"column":50}},"30":{"start":{"line":116,"column":8},"end":{"line":116,"column":51}},"31":{"start":{"line":119,"column":8},"end":{"line":119,"column":32}},"32":{"start":{"line":120,"column":8},"end":{"line":120,"column":37}},"33":{"start":{"line":123,"column":8},"end":{"line":123,"column":48}},"34":{"start":{"line":124,"column":8},"end":{"line":124,"column":52}},"35":{"start":{"line":127,"column":8},"end":{"line":127,"column":37}},"36":{"start":{"line":130,"column":8},"end":{"line":130,"column":54}},"37":{"start":{"line":133,"column":8},"end":{"line":133,"column":37}},"38":{"start":{"line":134,"column":8},"end":{"line":135,"column":37}},"39":{"start":{"line":138,"column":8},"end":{"line":138,"column":39}},"40":{"start":{"line":143,"column":43},"end":{"line":143,"column":60}}},"fnMap":{"0":{"name":"(anonymous_0)","decl":{"start":{"line":25,"column":2},"end":{"line":25,"column":7}},"loc":{"start":{"line":25,"column":31},"end":{"line":33,"column":3}},"line":25},"1":{"name":"(anonymous_1)","decl":{"start":{"line":38,"column":2},"end":{"line":38,"column":7}},"loc":{"start":{"line":38,"column":25},"end":{"line":53,"column":3}},"line":38},"2":{"name":"(anonymous_2)","decl":{"start":{"line":45,"column":39},"end":{"line":45,"column":40}},"loc":{"start":{"line":45,"column":54},"end":{"line":47,"column":5}},"line":45},"3":{"name":"(anonymous_3)","decl":{"start":{"line":58,"column":2},"end":{"line":58,"column":7}},"loc":{"start":{"line":58,"column":31},"end":{"line":73,"column":3}},"line":58},"4":{"name":"(anonymous_4)","decl":{"start":{"line":63,"column":8},"end":{"line":63,"column":9}},"loc":{"start":{"line":63,"column":15},"end":{"line":63,"column":41}},"line":63},"5":{"name":"(anonymous_5)","decl":{"start":{"line":66,"column":8},"end":{"line":66,"column":9}},"loc":{"start":{"line":66,"column":15},"end":{"line":66,"column":42}},"line":66},"6":{"name":"(anonymous_6)","decl":{"start":{"line":78,"column":2},"end":{"line":78,"column":7}},"loc":{"start":{"line":78,"column":21},"end":{"line":80,"column":3}},"line":78},"7":{"name":"(anonymous_7)","decl":{"start":{"line":87,"column":4},"end":{"line":87,"column":16}},"loc":{"start":{"line":87,"column":32},"end":{"line":89,"column":5}},"line":87},"8":{"name":"(anonymous_8)","decl":{"start":{"line":90,"column":4},"end":{"line":90,"column":13}},"loc":{"start":{"line":90,"column":16},"end":{"line":103,"column":5}},"line":90},"9":{"name":"(anonymous_9)","decl":{"start":{"line":105,"column":17},"end":{"line":105,"column":18}},"loc":{"start":{"line":105,"column":30},"end":{"line":140,"column":3}},"line":105},"10":{"name":"(anonymous_10)","decl":{"start":{"line":107,"column":34},"end":{"line":107,"column":35}},"loc":{"start":{"line":107,"column":45},"end":{"line":112,"column":7}},"line":107},"11":{"name":"(anonymous_11)","decl":{"start":{"line":113,"column":36},"end":{"line":113,"column":37}},"loc":{"start":{"line":113,"column":55},"end":{"line":117,"column":7}},"line":113},"12":{"name":"(anonymous_12)","decl":{"start":{"line":118,"column":35},"end":{"line":118,"column":36}},"loc":{"start":{"line":118,"column":54},"end":{"line":121,"column":7}},"line":118},"13":{"name":"(anonymous_13)","decl":{"start":{"line":122,"column":37},"end":{"line":122,"column":38}},"loc":{"start":{"line":122,"column":56},"end":{"line":125,"column":7}},"line":122},"14":{"name":"(anonymous_14)","decl":{"start":{"line":126,"column":36},"end":{"line":126,"column":37}},"loc":{"start":{"line":126,"column":55},"end":{"line":128,"column":7}},"line":126},"15":{"name":"(anonymous_15)","decl":{"start":{"line":129,"column":38},"end":{"line":129,"column":39}},"loc":{"start":{"line":129,"column":57},"end":{"line":131,"column":7}},"line":129},"16":{"name":"(anonymous_16)","decl":{"start":{"line":132,"column":40},"end":{"line":132,"column":41}},"loc":{"start":{"line":132,"column":59},"end":{"line":136,"column":7}},"line":132},"17":{"name":"(anonymous_17)","decl":{"start":{"line":137,"column":43},"end":{"line":137,"column":44}},"loc":{"start":{"line":137,"column":62},"end":{"line":139,"column":7}},"line":137}},"branchMap":{"0":{"loc":{"start":{"line":30,"column":8},"end":{"line":30,"column":61}},"type":"binary-expr","locations":[{"start":{"line":30,"column":8},"end":{"line":30,"column":36}},{"start":{"line":30,"column":40},"end":{"line":30,"column":61}}],"line":30},"1":{"loc":{"start":{"line":41,"column":4},"end":{"line":43,"column":5}},"type":"if","locations":[{"start":{"line":41,"column":4},"end":{"line":43,"column":5}},{"start":{},"end":{}}],"line":41}},"s":{"0":1,"1":1,"2":0,"3":0,"4":0,"5":1,"6":0,"7":0,"8":0,"9":0,"10":0,"11":0,"12":1,"13":0,"14":0,"15":0,"16":0,"17":0,"18":1,"19":0,"20":1,"21":0,"22":0,"23":0,"24":0,"25":0,"26":0,"27":0,"28":0,"29":0,"30":0,"31":0,"32":0,"33":0,"34":0,"35":0,"36":0,"37":0,"38":0,"39":0,"40":1},"f":{"0":0,"1":0,"2":0,"3":0,"4":0,"5":0,"6":0,"7":0,"8":0,"9":0,"10":0,"11":0,"12":0,"13":0,"14":0,"15":0,"16":0,"17":0},"b":{"0":[0,0],"1":[0,0]},"meta":{"lastBranch":2,"lastFunction":18,"lastStatement":41,"seen":{"s:9:21:21:1":0,"s:23:24:34:1":1,"f:25:2:25:7":0,"s:26:4:32:5":2,"s:27:6:27:39":3,"s:29:6:31:8":4,"b:30:8:30:36:30:40:30:61":0,"s:36:25:54:1":5,"f:38:2:38:7":1,"s:39:21:39:40":6,"b:41:4:43:5:undefined:undefined:undefined:undefined":1,"s:41:4:43:5":7,"s:42:6:42:57":8,"s:45:20:47:7":9,"f:45:39:45:40":2,"s:45:54:47:5":10,"s:49:4:52:7":11,"s:56:28:74:1":12,"f:58:2:58:7":3,"s:59:20:69:5":13,"f:63:8:63:9":4,"s:63:15:63:41":14,"f:66:8:66:9":5,"s:66:15:66:42":15,"s:71:24:71:55":16,"s:72:4:72:34":17,"s:76:31:81:1":18,"f:78:2:78:7":6,"s:79:4:79:44":19,"s:83:17:141:2":20,"f:87:4:87:16":7,"s:88:6:88:66":21,"f:90:4:90:13":8,"s:91:6:102:8":22,"f:105:17:105:18":9,"s:106:4:139:9":23,"f:107:34:107:35":10,"s:108:8:108:31":24,"s:109:8:109:27":25,"s:110:8:110:29":26,"s:111:8:111:28":27,"f:113:36:113:37":11,"s:114:8:114:32":28,"s:115:8:115:50":29,"s:116:8:116:51":30,"f:118:35:118:36":12,"s:119:8:119:32":31,"s:120:8:120:37":32,"f:122:37:122:38":13,"s:123:8:123:48":33,"s:124:8:124:52":34,"f:126:36:126:37":14,"s:127:8:127:37":35,"f:129:38:129:39":15,"s:130:8:130:54":36,"f:132:40:132:41":16,"s:133:8:133:37":37,"s:134:8:135:37":38,"f:137:43:137:44":17,"s:138:8:138:39":39,"s:143:43:143:60":40}}}
,"D:\\HACKTIV8\\2PHASE\\IP-RMT68\\client\\client\\src\\features\\topics\\topicsService.js": {"path":"D:\\HACKTIV8\\2PHASE\\IP-RMT68\\client\\client\\src\\features\\topics\\topicsService.js","statementMap":{"0":{"start":{"line":3,"column":28},"end":{"line":6,"column":1}},"1":{"start":{"line":4,"column":14},"end":{"line":4,"column":47}},"2":{"start":{"line":5,"column":2},"end":{"line":5,"column":18}},"3":{"start":{"line":8,"column":30},"end":{"line":11,"column":1}},"4":{"start":{"line":9,"column":14},"end":{"line":9,"column":68}},"5":{"start":{"line":10,"column":2},"end":{"line":10,"column":18}},"6":{"start":{"line":13,"column":30},"end":{"line":15,"column":1}},"7":{"start":{"line":14,"column":2},"end":{"line":14,"column":44}}},"fnMap":{"0":{"name":"(anonymous_0)","decl":{"start":{"line":3,"column":28},"end":{"line":3,"column":33}},"loc":{"start":{"line":3,"column":40},"end":{"line":6,"column":1}},"line":3},"1":{"name":"(anonymous_1)","decl":{"start":{"line":8,"column":30},"end":{"line":8,"column":35}},"loc":{"start":{"line":8,"column":49},"end":{"line":11,"column":1}},"line":8},"2":{"name":"(anonymous_2)","decl":{"start":{"line":13,"column":30},"end":{"line":13,"column":35}},"loc":{"start":{"line":13,"column":42},"end":{"line":15,"column":1}},"line":13}},"branchMap":{},"s":{"0":1,"1":0,"2":0,"3":1,"4":0,"5":0,"6":1,"7":0},"f":{"0":0,"1":0,"2":0},"b":{},"meta":{"lastBranch":0,"lastFunction":3,"lastStatement":8,"seen":{"s:3:28:6:1":0,"f:3:28:3:33":0,"s:4:14:4:47":1,"s:5:2:5:18":2,"s:8:30:11:1":3,"f:8:30:8:35":1,"s:9:14:9:68":4,"s:10:2:10:18":5,"s:13:30:15:1":6,"f:13:30:13:35":2,"s:14:2:14:44":7}}}
,"D:\\HACKTIV8\\2PHASE\\IP-RMT68\\client\\client\\src\\features\\topics\\topicsSlice.js": {"path":"D:\\HACKTIV8\\2PHASE\\IP-RMT68\\client\\client\\src\\features\\topics\\topicsSlice.js","statementMap":{"0":{"start":{"line":9,"column":21},"end":{"line":14,"column":1}},"1":{"start":{"line":16,"column":26},"end":{"line":25,"column":1}},"2":{"start":{"line":19,"column":4},"end":{"line":23,"column":5}},"3":{"start":{"line":20,"column":6},"end":{"line":20,"column":34}},"4":{"start":{"line":22,"column":6},"end":{"line":22,"column":64}},"5":{"start":{"line":27,"column":26},"end":{"line":36,"column":1}},"6":{"start":{"line":30,"column":4},"end":{"line":34,"column":5}},"7":{"start":{"line":31,"column":6},"end":{"line":31,"column":43}},"8":{"start":{"line":33,"column":6},"end":{"line":33,"column":64}},"9":{"start":{"line":38,"column":26},"end":{"line":48,"column":1}},"10":{"start":{"line":41,"column":4},"end":{"line":46,"column":5}},"11":{"start":{"line":42,"column":6},"end":{"line":42,"column":31}},"12":{"start":{"line":43,"column":6},"end":{"line":43,"column":16}},"13":{"start":{"line":45,"column":6},"end":{"line":45,"column":55}},"14":{"start":{"line":50,"column":29},"end":{"line":63,"column":1}},"15":{"start":{"line":53,"column":4},"end":{"line":61,"column":5}},"16":{"start":{"line":54,"column":18},"end":{"line":57,"column":8}},"17":{"start":{"line":58,"column":6},"end":{"line":58,"column":34}},"18":{"start":{"line":60,"column":6},"end":{"line":60,"column":67}},"19":{"start":{"line":65,"column":19},"end":{"line":117,"column":2}},"20":{"start":{"line":70,"column":4},"end":{"line":115,"column":9}},"21":{"start":{"line":73,"column":8},"end":{"line":73,"column":31}},"22":{"start":{"line":74,"column":8},"end":{"line":74,"column":27}},"23":{"start":{"line":77,"column":8},"end":{"line":77,"column":32}},"24":{"start":{"line":78,"column":8},"end":{"line":78,"column":31}},"25":{"start":{"line":80,"column":24},"end":{"line":80,"column":38}},"26":{"start":{"line":82,"column":8},"end":{"line":86,"column":15}},"27":{"start":{"line":89,"column":8},"end":{"line":89,"column":32}},"28":{"start":{"line":90,"column":8},"end":{"line":90,"column":37}},"29":{"start":{"line":94,"column":8},"end":{"line":96,"column":9}},"30":{"start":{"line":95,"column":10},"end":{"line":95,"column":47}},"31":{"start":{"line":100,"column":8},"end":{"line":102,"column":10}},"32":{"start":{"line":101,"column":17},"end":{"line":101,"column":40}},"33":{"start":{"line":106,"column":8},"end":{"line":106,"column":31}},"34":{"start":{"line":109,"column":8},"end":{"line":109,"column":32}},"35":{"start":{"line":110,"column":8},"end":{"line":110,"column":36}},"36":{"start":{"line":113,"column":8},"end":{"line":113,"column":32}},"37":{"start":{"line":114,"column":8},"end":{"line":114,"column":37}}},"fnMap":{"0":{"name":"(anonymous_0)","decl":{"start":{"line":18,"column":2},"end":{"line":18,"column":7}},"loc":{"start":{"line":18,"column":25},"end":{"line":24,"column":3}},"line":18},"1":{"name":"(anonymous_1)","decl":{"start":{"line":29,"column":2},"end":{"line":29,"column":7}},"loc":{"start":{"line":29,"column":31},"end":{"line":35,"column":3}},"line":29},"2":{"name":"(anonymous_2)","decl":{"start":{"line":40,"column":2},"end":{"line":40,"column":7}},"loc":{"start":{"line":40,"column":26},"end":{"line":47,"column":3}},"line":40},"3":{"name":"(anonymous_3)","decl":{"start":{"line":52,"column":2},"end":{"line":52,"column":7}},"loc":{"start":{"line":52,"column":42},"end":{"line":62,"column":3}},"line":52},"4":{"name":"(anonymous_4)","decl":{"start":{"line":69,"column":17},"end":{"line":69,"column":18}},"loc":{"start":{"line":69,"column":30},"end":{"line":116,"column":3}},"line":69},"5":{"name":"(anonymous_5)","decl":{"start":{"line":72,"column":36},"end":{"line":72,"column":37}},"loc":{"start":{"line":72,"column":47},"end":{"line":75,"column":7}},"line":72},"6":{"name":"(anonymous_6)","decl":{"start":{"line":76,"column":38},"end":{"line":76,"column":39}},"loc":{"start":{"line":76,"column":57},"end":{"line":87,"column":7}},"line":76},"7":{"name":"(anonymous_7)","decl":{"start":{"line":88,"column":37},"end":{"line":88,"column":38}},"loc":{"start":{"line":88,"column":56},"end":{"line":91,"column":7}},"line":88},"8":{"name":"(anonymous_8)","decl":{"start":{"line":93,"column":38},"end":{"line":93,"column":39}},"loc":{"start":{"line":93,"column":57},"end":{"line":97,"column":7}},"line":93},"9":{"name":"(anonymous_9)","decl":{"start":{"line":99,"column":38},"end":{"line":99,"column":39}},"loc":{"start":{"line":99,"column":57},"end":{"line":103,"column":7}},"line":99},"10":{"name":"(anonymous_10)","decl":{"start":{"line":101,"column":10},"end":{"line":101,"column":11}},"loc":{"start":{"line":101,"column":17},"end":{"line":101,"column":40}},"line":101},"11":{"name":"(anonymous_11)","decl":{"start":{"line":105,"column":39},"end":{"line":105,"column":40}},"loc":{"start":{"line":105,"column":50},"end":{"line":107,"column":7}},"line":105},"12":{"name":"(anonymous_12)","decl":{"start":{"line":108,"column":41},"end":{"line":108,"column":42}},"loc":{"start":{"line":108,"column":60},"end":{"line":111,"column":7}},"line":108},"13":{"name":"(anonymous_13)","decl":{"start":{"line":112,"column":40},"end":{"line":112,"column":41}},"loc":{"start":{"line":112,"column":59},"end":{"line":115,"column":7}},"line":112}},"branchMap":{"0":{"loc":{"start":{"line":82,"column":21},"end":{"line":86,"column":14}},"type":"cond-expr","locations":[{"start":{"line":83,"column":12},"end":{"line":83,"column":31}},{"start":{"line":84,"column":12},"end":{"line":86,"column":14}}],"line":82},"1":{"loc":{"start":{"line":84,"column":12},"end":{"line":86,"column":14}},"type":"cond-expr","locations":[{"start":{"line":85,"column":12},"end":{"line":85,"column":19}},{"start":{"line":86,"column":12},"end":{"line":86,"column":14}}],"line":84},"2":{"loc":{"start":{"line":94,"column":8},"end":{"line":96,"column":9}},"type":"if","locations":[{"start":{"line":94,"column":8},"end":{"line":96,"column":9}},{"start":{},"end":{}}],"line":94}},"s":{"0":1,"1":1,"2":0,"3":0,"4":0,"5":1,"6":0,"7":0,"8":0,"9":1,"10":0,"11":0,"12":0,"13":0,"14":1,"15":0,"16":0,"17":0,"18":0,"19":1,"20":0,"21":0,"22":0,"23":0,"24":0,"25":0,"26":0,"27":0,"28":0,"29":0,"30":0,"31":0,"32":0,"33":0,"34":0,"35":0,"36":0,"37":0},"f":{"0":0,"1":0,"2":0,"3":0,"4":0,"5":0,"6":0,"7":0,"8":0,"9":0,"10":0,"11":0,"12":0,"13":0},"b":{"0":[0,0],"1":[0,0],"2":[0,0]},"meta":{"lastBranch":3,"lastFunction":14,"lastStatement":38,"seen":{"s:9:21:14:1":0,"s:16:26:25:1":1,"f:18:2:18:7":0,"s:19:4:23:5":2,"s:20:6:20:34":3,"s:22:6:22:64":4,"s:27:26:36:1":5,"f:29:2:29:7":1,"s:30:4:34:5":6,"s:31:6:31:43":7,"s:33:6:33:64":8,"s:38:26:48:1":9,"f:40:2:40:7":2,"s:41:4:46:5":10,"s:42:6:42:31":11,"s:43:6:43:16":12,"s:45:6:45:55":13,"s:50:29:63:1":14,"f:52:2:52:7":3,"s:53:4:61:5":15,"s:54:18:57:8":16,"s:58:6:58:34":17,"s:60:6:60:67":18,"s:65:19:117:2":19,"f:69:17:69:18":4,"s:70:4:115:9":20,"f:72:36:72:37":5,"s:73:8:73:31":21,"s:74:8:74:27":22,"f:76:38:76:39":6,"s:77:8:77:32":23,"s:78:8:78:31":24,"s:80:24:80:38":25,"s:82:8:86:15":26,"b:83:12:83:31:84:12:86:14":0,"b:85:12:85:19:86:12:86:14":1,"f:88:37:88:38":7,"s:89:8:89:32":27,"s:90:8:90:37":28,"f:93:38:93:39":8,"b:94:8:96:9:undefined:undefined:undefined:undefined":2,"s:94:8:96:9":29,"s:95:10:95:47":30,"f:99:38:99:39":9,"s:100:8:102:10":31,"f:101:10:101:11":10,"s:101:17:101:40":32,"f:105:39:105:40":11,"s:106:8:106:31":33,"f:108:41:108:42":12,"s:109:8:109:32":34,"s:110:8:110:36":35,"f:112:40:112:41":13,"s:113:8:113:32":36,"s:114:8:114:37":37}}}
,"D:\\HACKTIV8\\2PHASE\\IP-RMT68\\client\\client\\src\\pages\\Dashboard.jsx": {"path":"D:\\HACKTIV8\\2PHASE\\IP-RMT68\\client\\client\\src\\pages\\Dashboard.jsx","statementMap":{"0":{"start":{"line":7,"column":18},"end":{"line":164,"column":null}},"1":{"start":{"line":8,"column":8},"end":{"line":8,"column":null}},"2":{"start":{"line":9,"column":8},"end":{"line":9,"column":null}},"3":{"start":{"line":11,"column":33},"end":{"line":11,"column":null}},"4":{"start":{"line":11,"column":56},"end":{"line":11,"column":66}},"5":{"start":{"line":13,"column":28},"end":{"line":13,"column":null}},"6":{"start":{"line":14,"column":24},"end":{"line":14,"column":null}},"7":{"start":{"line":16,"column":2},"end":{"line":18,"column":null}},"8":{"start":{"line":17,"column":4},"end":{"line":17,"column":null}},"9":{"start":{"line":20,"column":25},"end":{"line":24,"column":null}},"10":{"start":{"line":21,"column":4},"end":{"line":21,"column":null}},"11":{"start":{"line":21,"column":25},"end":{"line":21,"column":null}},"12":{"start":{"line":22,"column":4},"end":{"line":22,"column":null}},"13":{"start":{"line":23,"column":4},"end":{"line":23,"column":null}},"14":{"start":{"line":26,"column":24},"end":{"line":29,"column":null}},"15":{"start":{"line":27,"column":19},"end":{"line":27,"column":null}},"16":{"start":{"line":31,"column":20},"end":{"line":33,"column":null}},"17":{"start":{"line":32,"column":14},"end":{"line":32,"column":null}},"18":{"start":{"line":35,"column":2},"end":{"line":162,"column":null}},"19":{"start":{"line":49,"column":31},"end":{"line":49,"column":null}},"20":{"start":{"line":57,"column":31},"end":{"line":57,"column":null}},"21":{"start":{"line":123,"column":14},"end":{"line":157,"column":null}},"22":{"start":{"line":142,"column":22},"end":{"line":142,"column":null}},"23":{"start":{"line":151,"column":22},"end":{"line":151,"column":null}}},"fnMap":{"0":{"name":"(anonymous_0)","decl":{"start":{"line":7,"column":18},"end":{"line":7,"column":24}},"loc":{"start":{"line":7,"column":24},"end":{"line":164,"column":null}},"line":7},"1":{"name":"(anonymous_1)","decl":{"start":{"line":11,"column":49},"end":{"line":11,"column":50}},"loc":{"start":{"line":11,"column":56},"end":{"line":11,"column":66}},"line":11},"2":{"name":"(anonymous_2)","decl":{"start":{"line":16,"column":12},"end":{"line":16,"column":18}},"loc":{"start":{"line":16,"column":18},"end":{"line":18,"column":5}},"line":16},"3":{"name":"(anonymous_3)","decl":{"start":{"line":20,"column":25},"end":{"line":20,"column":31}},"loc":{"start":{"line":20,"column":31},"end":{"line":24,"column":null}},"line":20},"4":{"name":"(anonymous_4)","decl":{"start":{"line":27,"column":4},"end":{"line":27,"column":5}},"loc":{"start":{"line":27,"column":19},"end":{"line":27,"column":null}},"line":27},"5":{"name":"(anonymous_5)","decl":{"start":{"line":32,"column":4},"end":{"line":32,"column":5}},"loc":{"start":{"line":32,"column":14},"end":{"line":32,"column":null}},"line":32},"6":{"name":"(anonymous_6)","decl":{"start":{"line":49,"column":24},"end":{"line":49,"column":25}},"loc":{"start":{"line":49,"column":31},"end":{"line":49,"column":null}},"line":49},"7":{"name":"(anonymous_7)","decl":{"start":{"line":57,"column":24},"end":{"line":57,"column":25}},"loc":{"start":{"line":57,"column":31},"end":{"line":57,"column":null}},"line":57},"8":{"name":"(anonymous_8)","decl":{"start":{"line":122,"column":22},"end":{"line":122,"column":23}},"loc":{"start":{"line":123,"column":14},"end":{"line":157,"column":null}},"line":123},"9":{"name":"(anonymous_9)","decl":{"start":{"line":141,"column":29},"end":{"line":141,"column":null}},"loc":{"start":{"line":142,"column":22},"end":{"line":142,"column":null}},"line":142},"10":{"name":"(anonymous_10)","decl":{"start":{"line":150,"column":29},"end":{"line":150,"column":null}},"loc":{"start":{"line":151,"column":22},"end":{"line":151,"column":null}},"line":151}},"branchMap":{"0":{"loc":{"start":{"line":11,"column":10},"end":{"line":11,"column":21}},"type":"default-arg","locations":[{"start":{"line":11,"column":17},"end":{"line":11,"column":21}}],"line":11},"1":{"loc":{"start":{"line":21,"column":4},"end":{"line":21,"column":null}},"type":"if","locations":[{"start":{"line":21,"column":4},"end":{"line":21,"column":null}},{"start":{},"end":{}}],"line":21},"2":{"loc":{"start":{"line":27,"column":26},"end":{"line":27,"column":null}},"type":"binary-expr","locations":[{"start":{"line":27,"column":26},"end":{"line":27,"column":43}},{"start":{"line":27,"column":43},"end":{"line":27,"column":null}}],"line":27},"3":{"loc":{"start":{"line":104,"column":7},"end":{"line":160,"column":null}},"type":"cond-expr","locations":[{"start":{"line":105,"column":8},"end":{"line":105,"column":null}},{"start":{"line":106,"column":10},"end":{"line":160,"column":null}}],"line":104},"4":{"loc":{"start":{"line":106,"column":10},"end":{"line":160,"column":null}},"type":"cond-expr","locations":[{"start":{"line":107,"column":8},"end":{"line":109,"column":null}},{"start":{"line":111,"column":8},"end":{"line":160,"column":null}}],"line":106},"5":{"loc":{"start":{"line":130,"column":22},"end":{"line":132,"column":null}},"type":"cond-expr","locations":[{"start":{"line":131,"column":26},"end":{"line":131,"column":null}},{"start":{"line":132,"column":26},"end":{"line":132,"column":null}}],"line":130}},"s":{"0":1,"1":0,"2":0,"3":0,"4":0,"5":0,"6":0,"7":0,"8":0,"9":0,"10":0,"11":0,"12":0,"13":0,"14":0,"15":0,"16":0,"17":0,"18":0,"19":0,"20":0,"21":0,"22":0,"23":0},"f":{"0":0,"1":0,"2":0,"3":0,"4":0,"5":0,"6":0,"7":0,"8":0,"9":0,"10":0},"b":{"0":[0],"1":[0,0],"2":[0,0],"3":[0,0],"4":[0,0],"5":[0,0]},"meta":{"lastBranch":6,"lastFunction":11,"lastStatement":24,"seen":{"s:7:18:164:Infinity":0,"f:7:18:7:24":0,"s:8:8:8:Infinity":1,"s:9:8:9:Infinity":2,"s:11:33:11:Infinity":3,"b:11:17:11:21":0,"f:11:49:11:50":1,"s:11:56:11:66":4,"s:13:28:13:Infinity":5,"s:14:24:14:Infinity":6,"s:16:2:18:Infinity":7,"f:16:12:16:18":2,"s:17:4:17:Infinity":8,"s:20:25:24:Infinity":9,"f:20:25:20:31":3,"b:21:4:21:Infinity:undefined:undefined:undefined:undefined":1,"s:21:4:21:Infinity":10,"s:21:25:21:Infinity":11,"s:22:4:22:Infinity":12,"s:23:4:23:Infinity":13,"s:26:24:29:Infinity":14,"f:27:4:27:5":4,"s:27:19:27:Infinity":15,"b:27:26:27:43:27:43:27:Infinity":2,"s:31:20:33:Infinity":16,"f:32:4:32:5":5,"s:32:14:32:Infinity":17,"s:35:2:162:Infinity":18,"f:49:24:49:25":6,"s:49:31:49:Infinity":19,"f:57:24:57:25":7,"s:57:31:57:Infinity":20,"b:105:8:105:Infinity:106:10:160:Infinity":3,"b:107:8:109:Infinity:111:8:160:Infinity":4,"f:122:22:122:23":8,"s:123:14:157:Infinity":21,"b:131:26:131:Infinity:132:26:132:Infinity":5,"f:141:29:141:Infinity":9,"s:142:22:142:Infinity":22,"f:150:29:150:Infinity":10,"s:151:22:151:Infinity":23}}}
,"D:\\HACKTIV8\\2PHASE\\IP-RMT68\\client\\client\\src\\pages\\Login.jsx": {"path":"D:\\HACKTIV8\\2PHASE\\IP-RMT68\\client\\client\\src\\pages\\Login.jsx","statementMap":{"0":{"start":{"line":6,"column":14},"end":{"line":77,"column":null}},"1":{"start":{"line":7,"column":8},"end":{"line":7,"column":null}},"2":{"start":{"line":8,"column":8},"end":{"line":8,"column":null}},"3":{"start":{"line":9,"column":35},"end":{"line":9,"column":null}},"4":{"start":{"line":9,"column":58},"end":{"line":9,"column":64}},"5":{"start":{"line":11,"column":24},"end":{"line":11,"column":null}},"6":{"start":{"line":12,"column":30},"end":{"line":12,"column":null}},"7":{"start":{"line":14,"column":23},"end":{"line":17,"column":null}},"8":{"start":{"line":15,"column":4},"end":{"line":15,"column":null}},"9":{"start":{"line":16,"column":4},"end":{"line":16,"column":null}},"10":{"start":{"line":19,"column":2},"end":{"line":21,"column":null}},"11":{"start":{"line":20,"column":4},"end":{"line":20,"column":null}},"12":{"start":{"line":20,"column":16},"end":{"line":20,"column":null}},"13":{"start":{"line":23,"column":2},"end":{"line":75,"column":null}},"14":{"start":{"line":40,"column":27},"end":{"line":40,"column":null}},"15":{"start":{"line":48,"column":27},"end":{"line":48,"column":null}},"16":{"start":{"line":62,"column":13},"end":{"line":63,"column":null}}},"fnMap":{"0":{"name":"(anonymous_0)","decl":{"start":{"line":6,"column":14},"end":{"line":6,"column":20}},"loc":{"start":{"line":6,"column":20},"end":{"line":77,"column":null}},"line":6},"1":{"name":"(anonymous_1)","decl":{"start":{"line":9,"column":51},"end":{"line":9,"column":52}},"loc":{"start":{"line":9,"column":58},"end":{"line":9,"column":64}},"line":9},"2":{"name":"(anonymous_2)","decl":{"start":{"line":14,"column":23},"end":{"line":14,"column":24}},"loc":{"start":{"line":14,"column":30},"end":{"line":17,"column":null}},"line":14},"3":{"name":"(anonymous_3)","decl":{"start":{"line":19,"column":12},"end":{"line":19,"column":18}},"loc":{"start":{"line":19,"column":18},"end":{"line":21,"column":5}},"line":19},"4":{"name":"(anonymous_4)","decl":{"start":{"line":40,"column":20},"end":{"line":40,"column":21}},"loc":{"start":{"line":40,"column":27},"end":{"line":40,"column":null}},"line":40},"5":{"name":"(anonymous_5)","decl":{"start":{"line":48,"column":20},"end":{"line":48,"column":21}},"loc":{"start":{"line":48,"column":27},"end":{"line":48,"column":null}},"line":48},"6":{"name":"(anonymous_6)","decl":{"start":{"line":61,"column":19},"end":{"line":61,"column":null}},"loc":{"start":{"line":62,"column":13},"end":{"line":63,"column":null}},"line":62}},"branchMap":{"0":{"loc":{"start":{"line":20,"column":4},"end":{"line":20,"column":null}},"type":"if","locations":[{"start":{"line":20,"column":4},"end":{"line":20,"column":null}},{"start":{},"end":{}}],"line":20},"1":{"loc":{"start":{"line":55,"column":11},"end":{"line":55,"column":null}},"type":"cond-expr","locations":[{"start":{"line":55,"column":23},"end":{"line":55,"column":41}},{"start":{"line":55,"column":41},"end":{"line":55,"column":null}}],"line":55},"2":{"loc":{"start":{"line":69,"column":9},"end":{"line":72,"column":null}},"type":"binary-expr","locations":[{"start":{"line":69,"column":9},"end":{"line":69,"column":null}},{"start":{"line":70,"column":10},"end":{"line":72,"column":null}}],"line":69}},"s":{"0":1,"1":1,"2":1,"3":1,"4":2,"5":1,"6":1,"7":1,"8":0,"9":0,"10":1,"11":1,"12":0,"13":1,"14":0,"15":0,"16":0},"f":{"0":1,"1":2,"2":0,"3":1,"4":0,"5":0,"6":0},"b":{"0":[0,1],"1":[0,1],"2":[1,0]},"meta":{"lastBranch":3,"lastFunction":7,"lastStatement":17,"seen":{"s:6:14:77:Infinity":0,"f:6:14:6:20":0,"s:7:8:7:Infinity":1,"s:8:8:8:Infinity":2,"s:9:35:9:Infinity":3,"f:9:51:9:52":1,"s:9:58:9:64":4,"s:11:24:11:Infinity":5,"s:12:30:12:Infinity":6,"s:14:23:17:Infinity":7,"f:14:23:14:24":2,"s:15:4:15:Infinity":8,"s:16:4:16:Infinity":9,"s:19:2:21:Infinity":10,"f:19:12:19:18":3,"b:20:4:20:Infinity:undefined:undefined:undefined:undefined":0,"s:20:4:20:Infinity":11,"s:20:16:20:Infinity":12,"s:23:2:75:Infinity":13,"f:40:20:40:21":4,"s:40:27:40:Infinity":14,"f:48:20:48:21":5,"s:48:27:48:Infinity":15,"b:55:23:55:41:55:41:55:Infinity":1,"f:61:19:61:Infinity":6,"s:62:13:63:Infinity":16,"b:69:9:69:Infinity:70:10:72:Infinity":2}}}
,"D:\\HACKTIV8\\2PHASE\\IP-RMT68\\client\\client\\src\\pages\\OAuthSuccess.jsx": {"path":"D:\\HACKTIV8\\2PHASE\\IP-RMT68\\client\\client\\src\\pages\\OAuthSuccess.jsx","statementMap":{"0":{"start":{"line":6,"column":21},"end":{"line":32,"column":null}},"1":{"start":{"line":7,"column":8},"end":{"line":7,"column":null}},"2":{"start":{"line":8,"column":8},"end":{"line":8,"column":null}},"3":{"start":{"line":9,"column":15},"end":{"line":9,"column":null}},"4":{"start":{"line":11,"column":2},"end":{"line":22,"column":null}},"5":{"start":{"line":12,"column":18},"end":{"line":12,"column":null}},"6":{"start":{"line":14,"column":4},"end":{"line":17,"column":null}},"7":{"start":{"line":15,"column":6},"end":{"line":15,"column":null}},"8":{"start":{"line":16,"column":6},"end":{"line":16,"column":null}},"9":{"start":{"line":19,"column":4},"end":{"line":19,"column":null}},"10":{"start":{"line":21,"column":4},"end":{"line":21,"column":null}},"11":{"start":{"line":24,"column":2},"end":{"line":30,"column":null}}},"fnMap":{"0":{"name":"(anonymous_0)","decl":{"start":{"line":6,"column":21},"end":{"line":6,"column":27}},"loc":{"start":{"line":6,"column":27},"end":{"line":32,"column":null}},"line":6},"1":{"name":"(anonymous_1)","decl":{"start":{"line":11,"column":12},"end":{"line":11,"column":18}},"loc":{"start":{"line":11,"column":18},"end":{"line":22,"column":5}},"line":11}},"branchMap":{"0":{"loc":{"start":{"line":14,"column":4},"end":{"line":17,"column":null}},"type":"if","locations":[{"start":{"line":14,"column":4},"end":{"line":17,"column":null}},{"start":{},"end":{}}],"line":14}},"s":{"0":1,"1":0,"2":0,"3":0,"4":0,"5":0,"6":0,"7":0,"8":0,"9":0,"10":0,"11":0},"f":{"0":0,"1":0},"b":{"0":[0,0]},"meta":{"lastBranch":1,"lastFunction":2,"lastStatement":12,"seen":{"s:6:21:32:Infinity":0,"f:6:21:6:27":0,"s:7:8:7:Infinity":1,"s:8:8:8:Infinity":2,"s:9:15:9:Infinity":3,"s:11:2:22:Infinity":4,"f:11:12:11:18":1,"s:12:18:12:Infinity":5,"b:14:4:17:Infinity:undefined:undefined:undefined:undefined":0,"s:14:4:17:Infinity":6,"s:15:6:15:Infinity":7,"s:16:6:16:Infinity":8,"s:19:4:19:Infinity":9,"s:21:4:21:Infinity":10,"s:24:2:30:Infinity":11}}}
,"D:\\HACKTIV8\\2PHASE\\IP-RMT68\\client\\client\\src\\pages\\ProgressDetail.jsx": {"path":"D:\\HACKTIV8\\2PHASE\\IP-RMT68\\client\\client\\src\\pages\\ProgressDetail.jsx","statementMap":{"0":{"start":{"line":10,"column":23},"end":{"line":153,"column":null}},"1":{"start":{"line":11,"column":18},"end":{"line":11,"column":null}},"2":{"start":{"line":12,"column":8},"end":{"line":12,"column":null}},"3":{"start":{"line":13,"column":8},"end":{"line":13,"column":null}},"4":{"start":{"line":22,"column":2},"end":{"line":22,"column":null}},"5":{"start":{"line":22,"column":25},"end":{"line":22,"column":35}},"6":{"start":{"line":24,"column":2},"end":{"line":29,"column":null}},"7":{"start":{"line":25,"column":4},"end":{"line":25,"column":null}},"8":{"start":{"line":25,"column":18},"end":{"line":25,"column":null}},"9":{"start":{"line":27,"column":4},"end":{"line":27,"column":null}},"10":{"start":{"line":28,"column":4},"end":{"line":28,"column":null}},"11":{"start":{"line":31,"column":2},"end":{"line":35,"column":null}},"12":{"start":{"line":32,"column":4},"end":{"line":34,"column":null}},"13":{"start":{"line":33,"column":6},"end":{"line":33,"column":null}},"14":{"start":{"line":37,"column":22},"end":{"line":37,"column":null}},"15":{"start":{"line":38,"column":21},"end":{"line":38,"column":null}},"16":{"start":{"line":40,"column":2},"end":{"line":47,"column":null}},"17":{"start":{"line":41,"column":4},"end":{"line":45,"column":null}},"18":{"start":{"line":49,"column":2},"end":{"line":151,"column":null}},"19":{"start":{"line":59,"column":10},"end":{"line":66,"column":null}},"20":{"start":{"line":88,"column":12},"end":{"line":100,"column":null}},"21":{"start":{"line":117,"column":10},"end":{"line":133,"column":null}},"22":{"start":{"line":140,"column":25},"end":{"line":140,"column":null}},"23":{"start":{"line":146,"column":25},"end":{"line":146,"column":null}}},"fnMap":{"0":{"name":"(anonymous_0)","decl":{"start":{"line":10,"column":23},"end":{"line":10,"column":29}},"loc":{"start":{"line":10,"column":29},"end":{"line":153,"column":null}},"line":10},"1":{"name":"(anonymous_1)","decl":{"start":{"line":22,"column":18},"end":{"line":22,"column":19}},"loc":{"start":{"line":22,"column":25},"end":{"line":22,"column":35}},"line":22},"2":{"name":"(anonymous_2)","decl":{"start":{"line":24,"column":12},"end":{"line":24,"column":18}},"loc":{"start":{"line":24,"column":18},"end":{"line":29,"column":5}},"line":24},"3":{"name":"(anonymous_3)","decl":{"start":{"line":31,"column":12},"end":{"line":31,"column":18}},"loc":{"start":{"line":31,"column":18},"end":{"line":35,"column":5}},"line":31},"4":{"name":"(anonymous_4)","decl":{"start":{"line":58,"column":14},"end":{"line":58,"column":15}},"loc":{"start":{"line":59,"column":10},"end":{"line":66,"column":null}},"line":59},"5":{"name":"(anonymous_5)","decl":{"start":{"line":87,"column":27},"end":{"line":87,"column":28}},"loc":{"start":{"line":88,"column":12},"end":{"line":100,"column":null}},"line":88},"6":{"name":"(anonymous_6)","decl":{"start":{"line":116,"column":24},"end":{"line":116,"column":25}},"loc":{"start":{"line":117,"column":10},"end":{"line":133,"column":null}},"line":117},"7":{"name":"(anonymous_7)","decl":{"start":{"line":140,"column":19},"end":{"line":140,"column":25}},"loc":{"start":{"line":140,"column":25},"end":{"line":140,"column":null}},"line":140},"8":{"name":"(anonymous_8)","decl":{"start":{"line":146,"column":19},"end":{"line":146,"column":25}},"loc":{"start":{"line":146,"column":25},"end":{"line":146,"column":null}},"line":146}},"branchMap":{"0":{"loc":{"start":{"line":25,"column":4},"end":{"line":25,"column":null}},"type":"if","locations":[{"start":{"line":25,"column":4},"end":{"line":25,"column":null}},{"start":{},"end":{}}],"line":25},"1":{"loc":{"start":{"line":32,"column":4},"end":{"line":34,"column":null}},"type":"if","locations":[{"start":{"line":32,"column":4},"end":{"line":34,"column":null}},{"start":{},"end":{}}],"line":32},"2":{"loc":{"start":{"line":32,"column":8},"end":{"line":32,"column":48}},"type":"binary-expr","locations":[{"start":{"line":32,"column":8},"end":{"line":32,"column":27}},{"start":{"line":32,"column":27},"end":{"line":32,"column":48}}],"line":32},"3":{"loc":{"start":{"line":37,"column":22},"end":{"line":37,"column":null}},"type":"cond-expr","locations":[{"start":{"line":37,"column":47},"end":{"line":37,"column":57}},{"start":{"line":37,"column":57},"end":{"line":37,"column":null}}],"line":37},"4":{"loc":{"start":{"line":38,"column":21},"end":{"line":38,"column":null}},"type":"cond-expr","locations":[{"start":{"line":38,"column":45},"end":{"line":38,"column":54}},{"start":{"line":38,"column":54},"end":{"line":38,"column":null}}],"line":38},"5":{"loc":{"start":{"line":40,"column":2},"end":{"line":47,"column":null}},"type":"if","locations":[{"start":{"line":40,"column":2},"end":{"line":47,"column":null}},{"start":{},"end":{}}],"line":40},"6":{"loc":{"start":{"line":40,"column":6},"end":{"line":40,"column":32}},"type":"binary-expr","locations":[{"start":{"line":40,"column":6},"end":{"line":40,"column":23}},{"start":{"line":40,"column":23},"end":{"line":40,"column":32}}],"line":40},"7":{"loc":{"start":{"line":81,"column":7},"end":{"line":102,"column":null}},"type":"cond-expr","locations":[{"start":{"line":82,"column":8},"end":{"line":82,"column":null}},{"start":{"line":83,"column":10},"end":{"line":102,"column":null}}],"line":81},"8":{"loc":{"start":{"line":83,"column":10},"end":{"line":102,"column":null}},"type":"cond-expr","locations":[{"start":{"line":84,"column":8},"end":{"line":84,"column":null}},{"start":{"line":86,"column":8},"end":{"line":102,"column":null}}],"line":83},"9":{"loc":{"start":{"line":95,"column":18},"end":{"line":95,"column":null}},"type":"cond-expr","locations":[{"start":{"line":95,"column":34},"end":{"line":95,"column":51}},{"start":{"line":95,"column":51},"end":{"line":95,"column":null}}],"line":95},"10":{"loc":{"start":{"line":107,"column":7},"end":{"line":107,"column":null}},"type":"binary-expr","locations":[{"start":{"line":107,"column":7},"end":{"line":107,"column":24}},{"start":{"line":107,"column":24},"end":{"line":107,"column":null}}],"line":107},"11":{"loc":{"start":{"line":109,"column":7},"end":{"line":112,"column":null}},"type":"binary-expr","locations":[{"start":{"line":109,"column":7},"end":{"line":109,"column":25}},{"start":{"line":109,"column":25},"end":{"line":109,"column":null}},{"start":{"line":110,"column":8},"end":{"line":112,"column":null}}],"line":109}},"s":{"0":1,"1":0,"2":0,"3":0,"4":0,"5":0,"6":0,"7":0,"8":0,"9":0,"10":0,"11":0,"12":0,"13":0,"14":0,"15":0,"16":0,"17":0,"18":0,"19":0,"20":0,"21":0,"22":0,"23":0},"f":{"0":0,"1":0,"2":0,"3":0,"4":0,"5":0,"6":0,"7":0,"8":0},"b":{"0":[0,0],"1":[0,0],"2":[0,0],"3":[0,0],"4":[0,0],"5":[0,0],"6":[0,0],"7":[0,0],"8":[0,0],"9":[0,0],"10":[0,0],"11":[0,0,0]},"meta":{"lastBranch":12,"lastFunction":9,"lastStatement":24,"seen":{"s:10:23:153:Infinity":0,"f:10:23:10:29":0,"s:11:18:11:Infinity":1,"s:12:8:12:Infinity":2,"s:13:8:13:Infinity":3,"s:22:2:22:Infinity":4,"f:22:18:22:19":1,"s:22:25:22:35":5,"s:24:2:29:Infinity":6,"f:24:12:24:18":2,"b:25:4:25:Infinity:undefined:undefined:undefined:undefined":0,"s:25:4:25:Infinity":7,"s:25:18:25:Infinity":8,"s:27:4:27:Infinity":9,"s:28:4:28:Infinity":10,"s:31:2:35:Infinity":11,"f:31:12:31:18":3,"b:32:4:34:Infinity:undefined:undefined:undefined:undefined":1,"s:32:4:34:Infinity":12,"b:32:8:32:27:32:27:32:48":2,"s:33:6:33:Infinity":13,"s:37:22:37:Infinity":14,"b:37:47:37:57:37:57:37:Infinity":3,"s:38:21:38:Infinity":15,"b:38:45:38:54:38:54:38:Infinity":4,"b:40:2:47:Infinity:undefined:undefined:undefined:undefined":5,"s:40:2:47:Infinity":16,"b:40:6:40:23:40:23:40:32":6,"s:41:4:45:Infinity":17,"s:49:2:151:Infinity":18,"f:58:14:58:15":4,"s:59:10:66:Infinity":19,"b:82:8:82:Infinity:83:10:102:Infinity":7,"b:84:8:84:Infinity:86:8:102:Infinity":8,"f:87:27:87:28":5,"s:88:12:100:Infinity":20,"b:95:34:95:51:95:51:95:Infinity":9,"b:107:7:107:24:107:24:107:Infinity":10,"b:109:7:109:25:109:25:109:Infinity:110:8:112:Infinity":11,"f:116:24:116:25":6,"s:117:10:133:Infinity":21,"f:140:19:140:25":7,"s:140:25:140:Infinity":22,"f:146:19:146:25":8,"s:146:25:146:Infinity":23}}}
,"D:\\HACKTIV8\\2PHASE\\IP-RMT68\\client\\client\\src\\pages\\Quiz.jsx": {"path":"D:\\HACKTIV8\\2PHASE\\IP-RMT68\\client\\client\\src\\pages\\Quiz.jsx","statementMap":{"0":{"start":{"line":12,"column":13},"end":{"line":220,"column":null}},"1":{"start":{"line":13,"column":18},"end":{"line":13,"column":null}},"2":{"start":{"line":14,"column":8},"end":{"line":14,"column":null}},"3":{"start":{"line":15,"column":8},"end":{"line":15,"column":null}},"4":{"start":{"line":26,"column":2},"end":{"line":26,"column":null}},"5":{"start":{"line":26,"column":25},"end":{"line":26,"column":31}},"6":{"start":{"line":28,"column":2},"end":{"line":31,"column":null}},"7":{"start":{"line":29,"column":4},"end":{"line":29,"column":null}},"8":{"start":{"line":30,"column":4},"end":{"line":30,"column":null}},"9":{"start":{"line":30,"column":17},"end":{"line":30,"column":null}},"10":{"start":{"line":33,"column":2},"end":{"line":40,"column":null}},"11":{"start":{"line":34,"column":4},"end":{"line":38,"column":null}},"12":{"start":{"line":42,"column":2},"end":{"line":54,"column":null}},"13":{"start":{"line":43,"column":4},"end":{"line":52,"column":null}},"14":{"start":{"line":48,"column":25},"end":{"line":48,"column":null}},"15":{"start":{"line":56,"column":2},"end":{"line":140,"column":null}},"16":{"start":{"line":57,"column":4},"end":{"line":138,"column":null}},"17":{"start":{"line":75,"column":10},"end":{"line":121,"column":null}},"18":{"start":{"line":96,"column":22},"end":{"line":101,"column":null}},"19":{"start":{"line":127,"column":27},"end":{"line":127,"column":null}},"20":{"start":{"line":133,"column":27},"end":{"line":133,"column":null}},"21":{"start":{"line":142,"column":24},"end":{"line":142,"column":null}},"22":{"start":{"line":143,"column":16},"end":{"line":143,"column":null}},"23":{"start":{"line":144,"column":22},"end":{"line":144,"column":null}},"24":{"start":{"line":146,"column":2},"end":{"line":218,"column":null}},"25":{"start":{"line":164,"column":8},"end":{"line":192,"column":null}},"26":{"start":{"line":171,"column":14},"end":{"line":189,"column":null}},"27":{"start":{"line":178,"column":20},"end":{"line":183,"column":null}},"28":{"start":{"line":198,"column":25},"end":{"line":198,"column":null}},"29":{"start":{"line":207,"column":25},"end":{"line":207,"column":null}}},"fnMap":{"0":{"name":"(anonymous_0)","decl":{"start":{"line":12,"column":13},"end":{"line":12,"column":19}},"loc":{"start":{"line":12,"column":19},"end":{"line":220,"column":null}},"line":12},"1":{"name":"(anonymous_1)","decl":{"start":{"line":26,"column":18},"end":{"line":26,"column":19}},"loc":{"start":{"line":26,"column":25},"end":{"line":26,"column":31}},"line":26},"2":{"name":"(anonymous_2)","decl":{"start":{"line":28,"column":12},"end":{"line":28,"column":18}},"loc":{"start":{"line":28,"column":18},"end":{"line":31,"column":5}},"line":28},"3":{"name":"(anonymous_3)","decl":{"start":{"line":48,"column":19},"end":{"line":48,"column":25}},"loc":{"start":{"line":48,"column":25},"end":{"line":48,"column":null}},"line":48},"4":{"name":"(anonymous_4)","decl":{"start":{"line":74,"column":21},"end":{"line":74,"column":22}},"loc":{"start":{"line":75,"column":10},"end":{"line":121,"column":null}},"line":75},"5":{"name":"(anonymous_5)","decl":{"start":{"line":95,"column":29},"end":{"line":95,"column":null}},"loc":{"start":{"line":96,"column":22},"end":{"line":101,"column":null}},"line":96},"6":{"name":"(anonymous_6)","decl":{"start":{"line":127,"column":21},"end":{"line":127,"column":27}},"loc":{"start":{"line":127,"column":27},"end":{"line":127,"column":null}},"line":127},"7":{"name":"(anonymous_7)","decl":{"start":{"line":133,"column":21},"end":{"line":133,"column":27}},"loc":{"start":{"line":133,"column":27},"end":{"line":133,"column":null}},"line":133},"8":{"name":"(anonymous_8)","decl":{"start":{"line":163,"column":21},"end":{"line":163,"column":22}},"loc":{"start":{"line":164,"column":8},"end":{"line":192,"column":null}},"line":164},"9":{"name":"(anonymous_9)","decl":{"start":{"line":170,"column":27},"end":{"line":170,"column":28}},"loc":{"start":{"line":171,"column":14},"end":{"line":189,"column":null}},"line":171},"10":{"name":"(anonymous_10)","decl":{"start":{"line":177,"column":28},"end":{"line":177,"column":null}},"loc":{"start":{"line":178,"column":20},"end":{"line":183,"column":null}},"line":178},"11":{"name":"(anonymous_11)","decl":{"start":{"line":198,"column":19},"end":{"line":198,"column":25}},"loc":{"start":{"line":198,"column":25},"end":{"line":198,"column":null}},"line":198},"12":{"name":"(anonymous_12)","decl":{"start":{"line":207,"column":19},"end":{"line":207,"column":25}},"loc":{"start":{"line":207,"column":25},"end":{"line":207,"column":null}},"line":207}},"branchMap":{"0":{"loc":{"start":{"line":30,"column":4},"end":{"line":30,"column":null}},"type":"if","locations":[{"start":{"line":30,"column":4},"end":{"line":30,"column":null}},{"start":{},"end":{}}],"line":30},"1":{"loc":{"start":{"line":33,"column":2},"end":{"line":40,"column":null}},"type":"if","locations":[{"start":{"line":33,"column":2},"end":{"line":40,"column":null}},{"start":{},"end":{}}],"line":33},"2":{"loc":{"start":{"line":42,"column":2},"end":{"line":54,"column":null}},"type":"if","locations":[{"start":{"line":42,"column":2},"end":{"line":54,"column":null}},{"start":{},"end":{}}],"line":42},"3":{"loc":{"start":{"line":56,"column":2},"end":{"line":140,"column":null}},"type":"if","locations":[{"start":{"line":56,"column":2},"end":{"line":140,"column":null}},{"start":{},"end":{}}],"line":56},"4":{"loc":{"start":{"line":68,"column":14},"end":{"line":68,"column":null}},"type":"cond-expr","locations":[{"start":{"line":68,"column":28},"end":{"line":68,"column":43}},{"start":{"line":68,"column":43},"end":{"line":68,"column":null}}],"line":68},"5":{"loc":{"start":{"line":81,"column":30},"end":{"line":81,"column":null}},"type":"cond-expr","locations":[{"start":{"line":81,"column":44},"end":{"line":81,"column":61}},{"start":{"line":81,"column":61},"end":{"line":81,"column":null}}],"line":81},"6":{"loc":{"start":{"line":82,"column":19},"end":{"line":82,"column":null}},"type":"binary-expr","locations":[{"start":{"line":82,"column":19},"end":{"line":82,"column":39}},{"start":{"line":82,"column":39},"end":{"line":82,"column":null}}],"line":82},"7":{"loc":{"start":{"line":91,"column":15},"end":{"line":118,"column":null}},"type":"binary-expr","locations":[{"start":{"line":91,"column":15},"end":{"line":91,"column":null}},{"start":{"line":92,"column":16},"end":{"line":118,"column":null}}],"line":91},"8":{"loc":{"start":{"line":107,"column":19},"end":{"line":110,"column":null}},"type":"binary-expr","locations":[{"start":{"line":107,"column":19},"end":{"line":107,"column":null}},{"start":{"line":108,"column":20},"end":{"line":110,"column":null}}],"line":107},"9":{"loc":{"start":{"line":113,"column":19},"end":{"line":116,"column":null}},"type":"binary-expr","locations":[{"start":{"line":113,"column":19},"end":{"line":113,"column":null}},{"start":{"line":114,"column":20},"end":{"line":116,"column":null}}],"line":113},"10":{"loc":{"start":{"line":213,"column":7},"end":{"line":216,"column":null}},"type":"binary-expr","locations":[{"start":{"line":213,"column":7},"end":{"line":213,"column":null}},{"start":{"line":214,"column":8},"end":{"line":216,"column":null}}],"line":213}},"s":{"0":1,"1":0,"2":0,"3":0,"4":0,"5":0,"6":0,"7":0,"8":0,"9":0,"10":0,"11":0,"12":0,"13":0,"14":0,"15":0,"16":0,"17":0,"18":0,"19":0,"20":0,"21":0,"22":0,"23":0,"24":0,"25":0,"26":0,"27":0,"28":0,"29":0},"f":{"0":0,"1":0,"2":0,"3":0,"4":0,"5":0,"6":0,"7":0,"8":0,"9":0,"10":0,"11":0,"12":0},"b":{"0":[0,0],"1":[0,0],"2":[0,0],"3":[0,0],"4":[0,0],"5":[0,0],"6":[0,0],"7":[0,0],"8":[0,0],"9":[0,0],"10":[0,0]},"meta":{"lastBranch":11,"lastFunction":13,"lastStatement":30,"seen":{"s:12:13:220:Infinity":0,"f:12:13:12:19":0,"s:13:18:13:Infinity":1,"s:14:8:14:Infinity":2,"s:15:8:15:Infinity":3,"s:26:2:26:Infinity":4,"f:26:18:26:19":1,"s:26:25:26:31":5,"s:28:2:31:Infinity":6,"f:28:12:28:18":2,"s:29:4:29:Infinity":7,"b:30:4:30:Infinity:undefined:undefined:undefined:undefined":0,"s:30:4:30:Infinity":8,"s:30:17:30:Infinity":9,"b:33:2:40:Infinity:undefined:undefined:undefined:undefined":1,"s:33:2:40:Infinity":10,"s:34:4:38:Infinity":11,"b:42:2:54:Infinity:undefined:undefined:undefined:undefined":2,"s:42:2:54:Infinity":12,"s:43:4:52:Infinity":13,"f:48:19:48:25":3,"s:48:25:48:Infinity":14,"b:56:2:140:Infinity:undefined:undefined:undefined:undefined":3,"s:56:2:140:Infinity":15,"s:57:4:138:Infinity":16,"b:68:28:68:43:68:43:68:Infinity":4,"f:74:21:74:22":4,"s:75:10:121:Infinity":17,"b:81:44:81:61:81:61:81:Infinity":5,"b:82:19:82:39:82:39:82:Infinity":6,"b:91:15:91:Infinity:92:16:118:Infinity":7,"f:95:29:95:Infinity":5,"s:96:22:101:Infinity":18,"b:107:19:107:Infinity:108:20:110:Infinity":8,"b:113:19:113:Infinity:114:20:116:Infinity":9,"f:127:21:127:27":6,"s:127:27:127:Infinity":19,"f:133:21:133:27":7,"s:133:27:133:Infinity":20,"s:142:24:142:Infinity":21,"s:143:16:143:Infinity":22,"s:144:22:144:Infinity":23,"s:146:2:218:Infinity":24,"f:163:21:163:22":8,"s:164:8:192:Infinity":25,"f:170:27:170:28":9,"s:171:14:189:Infinity":26,"f:177:28:177:Infinity":10,"s:178:20:183:Infinity":27,"f:198:19:198:25":11,"s:198:25:198:Infinity":28,"f:207:19:207:25":12,"s:207:25:207:Infinity":29,"b:213:7:213:Infinity:214:8:216:Infinity":10}}}
,"D:\\HACKTIV8\\2PHASE\\IP-RMT68\\client\\client\\src\\pages\\Register.jsx": {"path":"D:\\HACKTIV8\\2PHASE\\IP-RMT68\\client\\client\\src\\pages\\Register.jsx","statementMap":{"0":{"start":{"line":1,"column":17},"end":{"line":7,"column":null}},"1":{"start":{"line":2,"column":2},"end":{"line":5,"column":null}}},"fnMap":{"0":{"name":"(anonymous_0)","decl":{"start":{"line":1,"column":17},"end":{"line":1,"column":23}},"loc":{"start":{"line":1,"column":23},"end":{"line":7,"column":null}},"line":1}},"branchMap":{},"s":{"0":1,"1":0},"f":{"0":0},"b":{},"meta":{"lastBranch":0,"lastFunction":1,"lastStatement":2,"seen":{"s:1:17:7:Infinity":0,"f:1:17:1:23":0,"s:2:2:5:Infinity":1}}}
,"D:\\HACKTIV8\\2PHASE\\IP-RMT68\\client\\client\\src\\pages\\Topics.jsx": {"path":"D:\\HACKTIV8\\2PHASE\\IP-RMT68\\client\\client\\src\\pages\\Topics.jsx","statementMap":{"0":{"start":{"line":10,"column":15},"end":{"line":128,"column":null}},"1":{"start":{"line":11,"column":8},"end":{"line":11,"column":null}},"2":{"start":{"line":12,"column":8},"end":{"line":12,"column":null}},"3":{"start":{"line":14,"column":33},"end":{"line":16,"column":null}},"4":{"start":{"line":15,"column":11},"end":{"line":15,"column":null}},"5":{"start":{"line":17,"column":18},"end":{"line":17,"column":null}},"6":{"start":{"line":17,"column":41},"end":{"line":17,"column":47}},"7":{"start":{"line":19,"column":28},"end":{"line":19,"column":null}},"8":{"start":{"line":20,"column":24},"end":{"line":20,"column":null}},"9":{"start":{"line":22,"column":2},"end":{"line":24,"column":null}},"10":{"start":{"line":23,"column":4},"end":{"line":23,"column":null}},"11":{"start":{"line":26,"column":25},"end":{"line":31,"column":null}},"12":{"start":{"line":27,"column":4},"end":{"line":27,"column":null}},"13":{"start":{"line":28,"column":4},"end":{"line":28,"column":null}},"14":{"start":{"line":28,"column":25},"end":{"line":28,"column":null}},"15":{"start":{"line":29,"column":4},"end":{"line":29,"column":null}},"16":{"start":{"line":30,"column":4},"end":{"line":30,"column":null}},"17":{"start":{"line":33,"column":2},"end":{"line":126,"column":null}},"18":{"start":{"line":50,"column":33},"end":{"line":50,"column":null}},"19":{"start":{"line":58,"column":33},"end":{"line":58,"column":null}},"20":{"start":{"line":90,"column":10},"end":{"line":106,"column":null}},"21":{"start":{"line":100,"column":18},"end":{"line":100,"column":null}},"22":{"start":{"line":115,"column":14},"end":{"line":121,"column":null}}},"fnMap":{"0":{"name":"(anonymous_0)","decl":{"start":{"line":10,"column":15},"end":{"line":10,"column":21}},"loc":{"start":{"line":10,"column":21},"end":{"line":128,"column":null}},"line":10},"1":{"name":"(anonymous_1)","decl":{"start":{"line":15,"column":4},"end":{"line":15,"column":5}},"loc":{"start":{"line":15,"column":11},"end":{"line":15,"column":null}},"line":15},"2":{"name":"(anonymous_2)","decl":{"start":{"line":17,"column":34},"end":{"line":17,"column":35}},"loc":{"start":{"line":17,"column":41},"end":{"line":17,"column":47}},"line":17},"3":{"name":"(anonymous_3)","decl":{"start":{"line":22,"column":12},"end":{"line":22,"column":18}},"loc":{"start":{"line":22,"column":18},"end":{"line":24,"column":5}},"line":22},"4":{"name":"(anonymous_4)","decl":{"start":{"line":26,"column":25},"end":{"line":26,"column":26}},"loc":{"start":{"line":26,"column":32},"end":{"line":31,"column":null}},"line":26},"5":{"name":"(anonymous_5)","decl":{"start":{"line":50,"column":26},"end":{"line":50,"column":27}},"loc":{"start":{"line":50,"column":33},"end":{"line":50,"column":null}},"line":50},"6":{"name":"(anonymous_6)","decl":{"start":{"line":58,"column":26},"end":{"line":58,"column":27}},"loc":{"start":{"line":58,"column":33},"end":{"line":58,"column":null}},"line":58},"7":{"name":"(anonymous_7)","decl":{"start":{"line":89,"column":18},"end":{"line":89,"column":19}},"loc":{"start":{"line":90,"column":10},"end":{"line":106,"column":null}},"line":90},"8":{"name":"(anonymous_8)","decl":{"start":{"line":99,"column":25},"end":{"line":99,"column":null}},"loc":{"start":{"line":100,"column":18},"end":{"line":100,"column":null}},"line":100},"9":{"name":"(anonymous_9)","decl":{"start":{"line":114,"column":25},"end":{"line":114,"column":26}},"loc":{"start":{"line":115,"column":14},"end":{"line":121,"column":null}},"line":115}},"branchMap":{"0":{"loc":{"start":{"line":28,"column":4},"end":{"line":28,"column":null}},"type":"if","locations":[{"start":{"line":28,"column":4},"end":{"line":28,"column":null}},{"start":{},"end":{}}],"line":28},"1":{"loc":{"start":{"line":78,"column":7},"end":{"line":79,"column":null}},"type":"binary-expr","locations":[{"start":{"line":78,"column":7},"end":{"line":78,"column":null}},{"start":{"line":79,"column":8},"end":{"line":79,"column":null}}],"line":78},"2":{"loc":{"start":{"line":82,"column":7},"end":{"line":85,"column":null}},"type":"binary-expr","locations":[{"start":{"line":82,"column":7},"end":{"line":82,"column":28}},{"start":{"line":82,"column":28},"end":{"line":82,"column":null}},{"start":{"line":83,"column":8},"end":{"line":85,"column":null}}],"line":82},"3":{"loc":{"start":{"line":110,"column":7},"end":{"line":124,"column":null}},"type":"binary-expr","locations":[{"start":{"line":110,"column":7},"end":{"line":110,"column":null}},{"start":{"line":111,"column":8},"end":{"line":124,"column":null}}],"line":110}},"s":{"0":1,"1":0,"2":0,"3":0,"4":0,"5":0,"6":0,"7":0,"8":0,"9":0,"10":0,"11":0,"12":0,"13":0,"14":0,"15":0,"16":0,"17":0,"18":0,"19":0,"20":0,"21":0,"22":0},"f":{"0":0,"1":0,"2":0,"3":0,"4":0,"5":0,"6":0,"7":0,"8":0,"9":0},"b":{"0":[0,0],"1":[0,0],"2":[0,0,0],"3":[0,0]},"meta":{"lastBranch":4,"lastFunction":10,"lastStatement":23,"seen":{"s:10:15:128:Infinity":0,"f:10:15:10:21":0,"s:11:8:11:Infinity":1,"s:12:8:12:Infinity":2,"s:14:33:16:Infinity":3,"f:15:4:15:5":1,"s:15:11:15:Infinity":4,"s:17:18:17:Infinity":5,"f:17:34:17:35":2,"s:17:41:17:47":6,"s:19:28:19:Infinity":7,"s:20:24:20:Infinity":8,"s:22:2:24:Infinity":9,"f:22:12:22:18":3,"s:23:4:23:Infinity":10,"s:26:25:31:Infinity":11,"f:26:25:26:26":4,"s:27:4:27:Infinity":12,"b:28:4:28:Infinity:undefined:undefined:undefined:undefined":0,"s:28:4:28:Infinity":13,"s:28:25:28:Infinity":14,"s:29:4:29:Infinity":15,"s:30:4:30:Infinity":16,"s:33:2:126:Infinity":17,"f:50:26:50:27":5,"s:50:33:50:Infinity":18,"f:58:26:58:27":6,"s:58:33:58:Infinity":19,"b:78:7:78:Infinity:79:8:79:Infinity":1,"b:82:7:82:28:82:28:82:Infinity:83:8:85:Infinity":2,"f:89:18:89:19":7,"s:90:10:106:Infinity":20,"f:99:25:99:Infinity":8,"s:100:18:100:Infinity":21,"b:110:7:110:Infinity:111:8:124:Infinity":3,"f:114:25:114:26":9,"s:115:14:121:Infinity":22}}}
,"D:\\HACKTIV8\\2PHASE\\IP-RMT68\\client\\client\\src\\routes\\ProtectedRoute.jsx": {"path":"D:\\HACKTIV8\\2PHASE\\IP-RMT68\\client\\client\\src\\routes\\ProtectedRoute.jsx","statementMap":{"0":{"start":{"line":4,"column":23},"end":{"line":16,"column":null}},"1":{"start":{"line":5,"column":35},"end":{"line":5,"column":null}},"2":{"start":{"line":5,"column":58},"end":{"line":5,"column":64}},"3":{"start":{"line":7,"column":2},"end":{"line":9,"column":null}},"4":{"start":{"line":8,"column":4},"end":{"line":8,"column":null}},"5":{"start":{"line":11,"column":2},"end":{"line":13,"column":null}},"6":{"start":{"line":12,"column":4},"end":{"line":12,"column":null}},"7":{"start":{"line":15,"column":2},"end":{"line":15,"column":null}}},"fnMap":{"0":{"name":"(anonymous_0)","decl":{"start":{"line":4,"column":23},"end":{"line":4,"column":24}},"loc":{"start":{"line":4,"column":41},"end":{"line":16,"column":null}},"line":4},"1":{"name":"(anonymous_1)","decl":{"start":{"line":5,"column":51},"end":{"line":5,"column":52}},"loc":{"start":{"line":5,"column":58},"end":{"line":5,"column":64}},"line":5}},"branchMap":{"0":{"loc":{"start":{"line":7,"column":2},"end":{"line":9,"column":null}},"type":"if","locations":[{"start":{"line":7,"column":2},"end":{"line":9,"column":null}},{"start":{},"end":{}}],"line":7},"1":{"loc":{"start":{"line":7,"column":6},"end":{"line":7,"column":24}},"type":"binary-expr","locations":[{"start":{"line":7,"column":6},"end":{"line":7,"column":15}},{"start":{"line":7,"column":15},"end":{"line":7,"column":24}}],"line":7},"2":{"loc":{"start":{"line":11,"column":2},"end":{"line":13,"column":null}},"type":"if","locations":[{"start":{"line":11,"column":2},"end":{"line":13,"column":null}},{"start":{},"end":{}}],"line":11}},"s":{"0":1,"1":1,"2":2,"3":1,"4":0,"5":1,"6":1,"7":0},"f":{"0":1,"1":2},"b":{"0":[0,1],"1":[1,0],"2":[1,0]},"meta":{"lastBranch":3,"lastFunction":2,"lastStatement":8,"seen":{"s:4:23:16:Infinity":0,"f:4:23:4:24":0,"s:5:35:5:Infinity":1,"f:5:51:5:52":1,"s:5:58:5:64":2,"b:7:2:9:Infinity:undefined:undefined:undefined:undefined":0,"s:7:2:9:Infinity":3,"b:7:6:7:15:7:15:7:24":1,"s:8:4:8:Infinity":4,"b:11:2:13:Infinity:undefined:undefined:undefined:undefined":2,"s:11:2:13:Infinity":5,"s:12:4:12:Infinity":6,"s:15:2:15:Infinity":7}}}
,"D:\\HACKTIV8\\2PHASE\\IP-RMT68\\client\\client\\src\\services\\api.js": {"path":"D:\\HACKTIV8\\2PHASE\\IP-RMT68\\client\\client\\src\\services\\api.js","statementMap":{"0":{"start":{"line":3,"column":12},"end":{"line":5,"column":2}},"1":{"start":{"line":7,"column":0},"end":{"line":15,"column":3}},"2":{"start":{"line":8,"column":16},"end":{"line":8,"column":45}},"3":{"start":{"line":10,"column":2},"end":{"line":12,"column":3}},"4":{"start":{"line":11,"column":4},"end":{"line":11,"column":53}},"5":{"start":{"line":14,"column":2},"end":{"line":14,"column":16}},"6":{"start":{"line":17,"column":0},"end":{"line":30,"column":2}},"7":{"start":{"line":18,"column":16},"end":{"line":18,"column":24}},"8":{"start":{"line":20,"column":4},"end":{"line":26,"column":5}},"9":{"start":{"line":21,"column":6},"end":{"line":21,"column":60}},"10":{"start":{"line":23,"column":6},"end":{"line":23,"column":39}},"11":{"start":{"line":25,"column":6},"end":{"line":25,"column":38}},"12":{"start":{"line":28,"column":4},"end":{"line":28,"column":33}}},"fnMap":{"0":{"name":"(anonymous_0)","decl":{"start":{"line":7,"column":29},"end":{"line":7,"column":30}},"loc":{"start":{"line":7,"column":41},"end":{"line":15,"column":1}},"line":7},"1":{"name":"(anonymous_1)","decl":{"start":{"line":18,"column":2},"end":{"line":18,"column":3}},"loc":{"start":{"line":18,"column":16},"end":{"line":18,"column":24}},"line":18},"2":{"name":"(anonymous_2)","decl":{"start":{"line":19,"column":2},"end":{"line":19,"column":3}},"loc":{"start":{"line":19,"column":13},"end":{"line":29,"column":3}},"line":19}},"branchMap":{"0":{"loc":{"start":{"line":10,"column":2},"end":{"line":12,"column":3}},"type":"if","locations":[{"start":{"line":10,"column":2},"end":{"line":12,"column":3}},{"start":{},"end":{}}],"line":10},"1":{"loc":{"start":{"line":20,"column":4},"end":{"line":26,"column":5}},"type":"if","locations":[{"start":{"line":20,"column":4},"end":{"line":26,"column":5}},{"start":{},"end":{}}],"line":20}},"s":{"0":1,"1":1,"2":0,"3":0,"4":0,"5":0,"6":1,"7":0,"8":0,"9":0,"10":0,"11":0,"12":0},"f":{"0":0,"1":0,"2":0},"b":{"0":[0,0],"1":[0,0]},"meta":{"lastBranch":2,"lastFunction":3,"lastStatement":13,"seen":{"s:3:12:5:2":0,"s:7:0:15:3":1,"f:7:29:7:30":0,"s:8:16:8:45":2,"b:10:2:12:3:undefined:undefined:undefined:undefined":0,"s:10:2:12:3":3,"s:11:4:11:53":4,"s:14:2:14:16":5,"s:17:0:30:2":6,"f:18:2:18:3":1,"s:18:16:18:24":7,"f:19:2:19:3":2,"b:20:4:26:5:undefined:undefined:undefined:undefined":1,"s:20:4:26:5":8,"s:21:6:21:60":9,"s:23:6:23:39":10,"s:25:6:25:38":11,"s:28:4:28:33":12}}}
}
